I|23.07.2009 15:00:22:968 |     |243   |(1bc)|i: FLC Product / App. version: VF20G / VF28L
I|23.07.2009 15:00:22:968 |     |243   |(1bc)|Host name: 8CA001F6
I|23.07.2009 15:00:22:968 |     |243   |(1bc)|Material number: 10281013 Serial Number: 20111
I|23.07.2009 15:00:22:968 |     |243   |(1bc)|Institution name: ; Institutional Department name: 
I|23.07.2009 15:00:23:187 |     |243   |(1bc)|i: \\.\DISPLAY1 = NVIDIA Quadro NVS 290
I|23.07.2009 15:00:23:187 |     |243   |(1bc)|GEAR; i: Gear Toolkit version: 3.53.2
I|23.07.2009 15:00:23:234 |     |243   |(7d4)|FLCDCM; Waiting thread start
I|23.07.2009 15:00:23:765 |     |243   |(1bc)|NVIDIA Quadro NVS 290, GPU pipeline available
I|23.07.2009 15:00:23:765 |     |243   |(94)|AXN client for DFR started
I|23.07.2009 15:00:23:796 |     |243   |(7d0)|FDR_Init succesful
I|23.07.2009 15:00:24:765 |     |243   |(e8)|VIDEO ; AXN client for Video started
I|23.07.2009 15:00:25:562 |     |243   |(7d0)|FDR_StartLcpu(11001F) ok
I|23.07.2009 15:00:25:562 |     |243   |(ec)|calling FDR_WaitPowerOffRequest
I|23.07.2009 15:00:25:562 |     |243   |(f8)|WaitConditioningStatusChange thread started
T|23.07.2009 15:00:27:765 |     |243   |(94)|Telegram ID 29200 received
I|23.07.2009 15:00:27:765 |     |240   |(94)|in-list enhancemet
I|23.07.2009 15:00:27:765 |     |243   |(94)|Telegram INIT_MESSAGE ApId F3 processed
I|23.07.2009 15:00:27:765 |     |240   |(1bc)|XCS interface started
T|23.07.2009 15:00:27:765 |     |243   |(94)|Telegram ID 29202 received
I|23.07.2009 15:00:27:765 |     |243   |(94)|Telegram TURNON from ApId F3 to ApId F3 (66 objects) processed
I|23.07.2009 15:00:27:781 |     |243   |(1bc)|FLCSRV; sd_gui run registry key not set
I|23.07.2009 15:00:27:812 |     |243   |(1bc)|FLCDOC; DFR/RAD autofilm configuration: Off/Off (all)
I|23.07.2009 15:00:27:812 |     |243   |(1bc)|Patient list view created
I|23.07.2009 15:00:27:828 |     |243   |(1bc)|Operation view created
I|23.07.2009 15:00:27:828 |     |243   |(1bc)|i: iDFRStatus(2, 2) sent
T|23.07.2009 15:00:27:828 |     |243   |(94)|Telegram ID 29201 received
I|23.07.2009 15:00:27:968 |     |243   |(1bc)|main window shown
I|23.07.2009 15:00:27:984 |     |243   |(13c)|Job processing thread start
I|23.07.2009 15:00:27:984 |     |243   |(15c)|Dicom Send/Print thread start
T|23.07.2009 15:00:28:765 |     |240   |(e8)|Telegram ID 29200 received
I|23.07.2009 15:00:28:765 |     |240   |(e8)|in-list enhancemet
I|23.07.2009 15:00:28:765 |     |243   |(e8)|Telegram INIT_MESSAGE ApId 10 processed
T|23.07.2009 15:00:28:765 |     |243   |(94)|Telegram ID 29202 received
T|23.07.2009 15:00:28:765 |     |240   |(e8)|Telegram ID 29202 received
I|23.07.2009 15:00:28:765 |     |243   |(94)|Telegram TURNON from ApId 10 to ApId F3 (0 objects) processed
I|23.07.2009 15:00:28:765 |     |243   |(e8)|Telegram TURNON from ApId F3 to ApId 10 (66 objects) processed
T|23.07.2009 15:00:28:765 |     |240   |(e8)|Telegram ID 29202 received
I|23.07.2009 15:00:28:765 |     |243   |(e8)|Telegram TURNON from ApId 10 to ApId 10 (0 objects) processed
T|23.07.2009 15:00:39:062 |     |243   |(94)|Telegram ID 29202 received
I|23.07.2009 15:00:39:062 |     |243   |(e8)|Telegram TURNON from ApId 5A to ApId 10 (19 objects) processed
I|23.07.2009 15:00:39:062 |     |243   |(94)|Telegram TURNON from ApId 5A to ApId F3 (19 objects) processed
T|23.07.2009 15:00:40:015 |     |243   |(94)|Telegram ID 29202 received
T|23.07.2009 15:00:40:015 |     |240   |(e8)|Telegram ID 29202 received
I|23.07.2009 15:00:40:015 |     |243   |(94)|Telegram TURNON from ApId 50 to ApId F3 (24 objects) processed
I|23.07.2009 15:00:40:015 |     |243   |(e8)|Telegram TURNON from ApId 50 to ApId 10 (24 objects) processed
T|23.07.2009 15:00:40:015 |     |243   |(94)|Telegram ID 29202 received
T|23.07.2009 15:00:40:015 |     |240   |(e8)|Telegram ID 29202 received
I|23.07.2009 15:00:40:015 |     |243   |(94)|Telegram TURNON from ApId 51 to ApId F3 (0 objects) processed
I|23.07.2009 15:00:40:015 |     |243   |(e8)|Telegram TURNON from ApId 51 to ApId 10 (0 objects) processed
T|23.07.2009 15:00:40:015 |     |243   |(94)|Telegram ID 29202 received
T|23.07.2009 15:00:40:015 |     |240   |(e8)|Telegram ID 29202 received
I|23.07.2009 15:00:40:015 |     |243   |(94)|Telegram TURNON from ApId 5D to ApId F3 (37 objects) processed
I|23.07.2009 15:00:40:015 |     |243   |(e8)|Telegram TURNON from ApId 5D to ApId 10 (37 objects) processed
T|23.07.2009 15:00:40:015 |     |243   |(94)|Telegram ID 29202 received
T|23.07.2009 15:00:40:015 |     |240   |(e8)|Telegram ID 29202 received
I|23.07.2009 15:00:40:015 |     |243   |(94)|Telegram TURNON from ApId 60 to ApId F3 (7 objects) processed
I|23.07.2009 15:00:40:015 |     |243   |(e8)|Telegram TURNON from ApId 60 to ApId 10 (7 objects) processed
T|23.07.2009 15:00:40:015 |     |243   |(94)|Telegram ID 29202 received
T|23.07.2009 15:00:40:015 |     |240   |(e8)|Telegram ID 29202 received
I|23.07.2009 15:00:40:015 |     |243   |(94)|Telegram TURNON from ApId E1 to ApId F3 (21 objects) processed
I|23.07.2009 15:00:40:015 |     |243   |(e8)|Telegram TURNON from ApId E1 to ApId 10 (21 objects) processed
T|23.07.2009 15:00:40:015 |     |243   |(94)|Telegram ID 29202 received
T|23.07.2009 15:00:40:015 |     |240   |(e8)|Telegram ID 29202 received
I|23.07.2009 15:00:40:015 |     |243   |(94)|Telegram TURNON from ApId E2 to ApId F3 (28 objects) processed
I|23.07.2009 15:00:40:015 |     |243   |(e8)|Telegram TURNON from ApId E2 to ApId 10 (28 objects) processed
T|23.07.2009 15:00:40:015 |     |243   |(94)|Telegram ID 29202 received
T|23.07.2009 15:00:40:015 |     |240   |(e8)|Telegram ID 29202 received
I|23.07.2009 15:00:40:015 |     |243   |(94)|Telegram TURNON from ApId E3 to ApId F3 (9 objects) processed
I|23.07.2009 15:00:40:015 |     |243   |(e8)|Telegram TURNON from ApId E3 to ApId 10 (9 objects) processed
T|23.07.2009 15:00:40:015 |     |243   |(94)|Telegram ID 29202 received
T|23.07.2009 15:00:40:015 |     |240   |(e8)|Telegram ID 29202 received
I|23.07.2009 15:00:40:015 |     |243   |(94)|Telegram TURNON from ApId E4 to ApId F3 (8 objects) processed
I|23.07.2009 15:00:40:015 |     |243   |(e8)|Telegram TURNON from ApId E4 to ApId 10 (8 objects) processed
T|23.07.2009 15:00:40:015 |     |243   |(94)|Telegram ID 29202 received
T|23.07.2009 15:00:40:015 |     |240   |(e8)|Telegram ID 29202 received
I|23.07.2009 15:00:40:015 |     |240   |(94)|iIdent DFR sent
I|23.07.2009 15:00:40:015 |     |243   |(94)|Telegram TURNON from ApId F0 to ApId 10 (0 objects) processed
I|23.07.2009 15:00:40:015 |     |240   |(e8)|iIdent Video sent
I|23.07.2009 15:00:40:015 |     |243   |(e8)|Telegram TURNON from ApId F0 to ApId 10 (0 objects) processed processed
T|23.07.2009 15:00:40:031 |     |243   |(94)|Telegram ID 2299 received
I|23.07.2009 15:00:40:046 |     |243   |(94)|Telegram SH_LIST processed
T|23.07.2009 15:00:40:046 |     |243   |(94)|Telegram ID 2299 received
I|23.07.2009 15:00:40:046 |     |243   |(94)|Telegram SH_LIST processed
T|23.07.2009 15:00:40:046 |     |243   |(94)|Telegram ID 2299 received
I|23.07.2009 15:00:40:046 |     |243   |(94)|Telegram SH_LIST processed
T|23.07.2009 15:00:40:046 |     |243   |(94)|Telegram ID 2299 received
I|23.07.2009 15:00:40:046 |     |243   |(94)|Telegram SH_LIST processed
T|23.07.2009 15:00:40:046 |     |243   |(94)|Telegram ID 2299 received
I|23.07.2009 15:00:40:046 |     |243   |(94)|Telegram SH_LIST processed
T|23.07.2009 15:00:40:046 |     |243   |(94)|Telegram ID 2299 received
I|23.07.2009 15:00:40:046 |     |243   |(94)|Telegram SH_LIST processed
T|23.07.2009 15:00:40:046 |     |243   |(94)|Telegram ID 2299 received
I|23.07.2009 15:00:40:046 |     |243   |(94)|Telegram SH_LIST processed
T|23.07.2009 15:00:40:046 |     |243   |(94)|Telegram ID 29202 received
T|23.07.2009 15:00:40:046 |     |240   |(e8)|Telegram ID 29202 received
I|23.07.2009 15:00:40:046 |     |243   |(94)|Telegram TURNON from ApId 11 to ApId F3 (19 objects) processed
I|23.07.2009 15:00:40:046 |     |243   |(e8)|Telegram TURNON from ApId 11 to ApId 10 (19 objects) processed
T|23.07.2009 15:00:40:046 |     |243   |(94)|Telegram ID 29202 received
T|23.07.2009 15:00:40:046 |     |240   |(e8)|Telegram ID 29202 received
I|23.07.2009 15:00:40:046 |     |243   |(94)|Telegram TURNON from ApId 15 to ApId F3 (21 objects) processed
I|23.07.2009 15:00:40:046 |     |243   |(e8)|Telegram TURNON from ApId 15 to ApId 10 (21 objects) processed
T|23.07.2009 15:00:40:046 |     |243   |(94)|Telegram ID 29202 received
T|23.07.2009 15:00:40:046 |     |240   |(e8)|Telegram ID 29202 received
I|23.07.2009 15:00:40:046 |     |243   |(94)|Telegram TURNON from ApId 66 to ApId F3 (4 objects) processed
I|23.07.2009 15:00:40:046 |     |243   |(e8)|Telegram TURNON from ApId 66 to ApId 10 (4 objects) processed
T|23.07.2009 15:00:40:046 |     |243   |(94)|Telegram ID 2299 received
I|23.07.2009 15:00:40:046 |     |243   |(94)|Telegram SH_LIST processed
T|23.07.2009 15:00:40:046 |     |243   |(94)|Telegram ID 2299 received
I|23.07.2009 15:00:40:046 |     |243   |(94)|Telegram SH_LIST processed
T|23.07.2009 15:00:40:046 |     |243   |(94)|Telegram ID 2299 received
I|23.07.2009 15:00:40:046 |     |243   |(94)|Telegram SH_LIST processed
T|23.07.2009 15:00:40:046 |     |243   |(94)|Telegram ID 2299 received
I|23.07.2009 15:00:40:046 |     |243   |(94)|Telegram SH_LIST processed
T|23.07.2009 15:00:40:046 |     |243   |(94)|Telegram ID 2299 received
I|23.07.2009 15:00:40:046 |     |243   |(94)|Telegram SH_LIST processed
T|23.07.2009 15:00:40:046 |     |243   |(94)|Telegram ID 2299 received
I|23.07.2009 15:00:40:046 |     |243   |(94)|Telegram SH_LIST processed
T|23.07.2009 15:00:40:062 |     |243   |(94)|Telegram ID 2299 received
I|23.07.2009 15:00:40:062 |     |243   |(94)|Telegram SH_LIST processed
T|23.07.2009 15:00:40:078 |     |243   |(94)|Telegram ID 2299 received
I|23.07.2009 15:00:40:078 |     |243   |(94)|Telegram SH_LIST processed
T|23.07.2009 15:00:40:078 |     |243   |(94)|Telegram ID 2299 received
I|23.07.2009 15:00:40:078 |     |243   |(94)|Telegram SH_LIST processed
T|23.07.2009 15:00:40:078 |     |240   |(e8)|Telegram ID 10002 received
T|23.07.2009 15:00:40:078 |     |243   |(94)|Telegram ID 10002 received
I|23.07.2009 15:00:40:078 |     |243   |(e8)|Telegram iNETZAUFNAHME ApId 10 processed
I|23.07.2009 15:00:40:078 |     |243   |(94)|Telegram iNETZAUFNAHME ApId F3 processed
T|23.07.2009 15:00:40:078 |     |243   |(94)|Telegram ID 2299 received
I|23.07.2009 15:00:40:078 |     |243   |(94)|Telegram SH_LIST processed
T|23.07.2009 15:00:40:078 |     |243   |(94)|Telegram ID 2299 received
I|23.07.2009 15:00:40:078 |     |243   |(94)|Telegram SH_LIST processed
T|23.07.2009 15:00:40:078 |     |243   |(94)|Telegram ID 2299 received
I|23.07.2009 15:00:40:078 |     |243   |(94)|Telegram SH_LIST processed
T|23.07.2009 15:00:40:078 |     |240   |(e8)|Telegram ID 1000D received
I|23.07.2009 15:00:40:078 |     |243   |(e8)|Telegram sAPPLIKATION ApId 10 processed
T|23.07.2009 15:00:40:078 |     |243   |(94)|Telegram ID 1000D received
I|23.07.2009 15:00:40:078 |     |243   |(94)|Telegram sAPPLIKATION ApId F3 processed
T|23.07.2009 15:00:40:156 |     |240   |(e8)|Telegram ID 10009 received
I|23.07.2009 15:00:40:156 |     |243   |(e8)|Telegram aKENNDATEN processed
T|23.07.2009 15:00:40:156 |     |243   |(94)|Telegram ID 10009 received
I|23.07.2009 15:00:40:156 |     |243   |(94)|Telegram aKENNDATEN processed
T|23.07.2009 15:00:40:171 |     |243   |(94)|Telegram ID 8C received
I|23.07.2009 15:00:40:171 |     |243   |(94)|Telegram iSYSTEMANZ processed
T|23.07.2009 15:00:40:171 |     |243   |(94)|Telegram ID A5 received
I|23.07.2009 15:00:40:171 |     |243   |(94)|Telegram sNACHANZLOESCHEN processed
T|23.07.2009 15:00:40:171 |     |243   |(94)|Telegram ID 78 received
I|23.07.2009 15:00:40:171 |     |243   |(94)|Telegram iGGANZ(2, 0) received
T|23.07.2009 15:00:40:171 |     |243   |(94)|Telegram ID 78 received
I|23.07.2009 15:00:40:171 |     |243   |(94)|Telegram iGGANZ(68, 555) received
T|23.07.2009 15:00:40:171 |     |243   |(94)|Telegram ID 78 received
I|23.07.2009 15:00:40:171 |     |243   |(94)|Telegram iGGANZ(4, -1) received
T|23.07.2009 15:00:40:187 |     |243   |(94)|Telegram ID 2B6 received
I|23.07.2009 15:00:40:187 |     |243   |(94)|Telegram iDFRALLGANZ2 processed
T|23.07.2009 15:00:40:187 |     |243   |(94)|Telegram ID 78 received
I|23.07.2009 15:00:40:187 |     |243   |(94)|Telegram iGGANZ(12, 0) received
T|23.07.2009 15:00:40:187 |     |243   |(94)|Telegram ID 2B5 received
I|23.07.2009 15:00:40:187 |     |243   |(94)|Telegram iFILTERANZ processed
T|23.07.2009 15:00:40:187 |     |243   |(94)|Telegram ID 78 received
I|23.07.2009 15:00:40:187 |     |243   |(94)|Telegram iGGANZ(13, 0) received
T|23.07.2009 15:00:40:187 |     |243   |(94)|Telegram ID 333 received
I|23.07.2009 15:00:40:187 |     |243   |(94)|Telegram iRASTERANZ processed
T|23.07.2009 15:00:40:187 |     |243   |(94)|Telegram ID 78 received
I|23.07.2009 15:00:40:187 |     |243   |(94)|Telegram iGGANZ(10, -1) received
T|23.07.2009 15:00:40:218 |     |243   |(94)|Telegram ID 78 received
I|23.07.2009 15:00:40:218 |     |243   |(94)|Telegram iGGANZ(18, 0) received
T|23.07.2009 15:00:40:218 |     |243   |(94)|Telegram ID 2B6 received
I|23.07.2009 15:00:40:218 |     |243   |(94)|Telegram iDFRALLGANZ2 processed
T|23.07.2009 15:00:40:234 |     |243   |(94)|Telegram ID 78 received
I|23.07.2009 15:00:40:234 |     |243   |(94)|Telegram iGGANZ(19, 0) received
T|23.07.2009 15:00:40:234 |     |243   |(94)|Telegram ID 78 received
I|23.07.2009 15:00:40:234 |     |243   |(94)|Telegram iGGANZ(69, 0) received
T|23.07.2009 15:00:40:250 |     |243   |(94)|Telegram ID 2B5 received
I|23.07.2009 15:00:40:250 |     |243   |(94)|Telegram iFILTERANZ processed
T|23.07.2009 15:00:40:250 |     |243   |(94)|Telegram ID 78 received
I|23.07.2009 15:00:40:250 |     |243   |(94)|Telegram iGGANZ(28, 49) received
T|23.07.2009 15:00:40:250 |     |243   |(94)|Telegram ID 78 received
I|23.07.2009 15:00:40:250 |     |243   |(94)|Telegram iGGANZ(26, 2) received
T|23.07.2009 15:00:40:250 |     |243   |(94)|Telegram ID 7A received
I|23.07.2009 15:00:40:250 |     |243   |(94)|Telegram iTBANZ processed
T|23.07.2009 15:00:40:250 |     |243   |(94)|Telegram ID 78 received
I|23.07.2009 15:00:40:250 |     |243   |(94)|Telegram iGGANZ(106, 0) received
T|23.07.2009 15:00:40:250 |     |243   |(94)|Telegram ID 26B received
I|23.07.2009 15:00:40:250 |     |243   |(94)|Telegram iBLENDEANZ processed
T|23.07.2009 15:00:40:265 |     |243   |(94)|Telegram ID 78 received
I|23.07.2009 15:00:40:265 |     |243   |(94)|Telegram iGGANZ(98, 3) received
T|23.07.2009 15:00:40:265 |     |243   |(94)|Telegram ID 78 received
I|23.07.2009 15:00:40:265 |     |243   |(94)|Telegram iGGANZ(90, 3) received
T|23.07.2009 15:00:40:265 |     |243   |(94)|Telegram ID 78 received
I|23.07.2009 15:00:40:265 |     |243   |(94)|Telegram iGGANZ(91, 5) received
T|23.07.2009 15:00:40:281 |     |243   |(94)|Telegram ID 7A received
I|23.07.2009 15:00:40:281 |     |243   |(94)|Telegram iTBANZ processed
T|23.07.2009 15:00:40:281 |     |243   |(94)|Telegram ID 26B received
I|23.07.2009 15:00:40:281 |     |243   |(94)|Telegram iBLENDEANZ processed
T|23.07.2009 15:00:40:281 |     |243   |(94)|Telegram ID 78 received
I|23.07.2009 15:00:40:281 |     |243   |(94)|Telegram iGGANZ(27, 2) received
T|23.07.2009 15:00:40:296 |     |243   |(94)|Telegram ID 7A received
I|23.07.2009 15:00:40:296 |     |243   |(94)|Telegram iTBANZ processed
T|23.07.2009 15:00:40:296 |     |243   |(94)|Telegram ID 2B6 received
I|23.07.2009 15:00:40:296 |     |243   |(94)|Telegram iDFRALLGANZ2 processed
T|23.07.2009 15:00:40:296 |     |243   |(94)|Telegram ID 26B received
I|23.07.2009 15:00:40:296 |     |243   |(94)|Telegram iBLENDEANZ processed
T|23.07.2009 15:00:40:296 |     |243   |(94)|Telegram ID 78 received
I|23.07.2009 15:00:40:296 |     |243   |(94)|Telegram iGGANZ(3, 0) received
T|23.07.2009 15:00:40:312 |     |243   |(94)|Telegram ID 78 received
I|23.07.2009 15:00:40:312 |     |243   |(94)|Telegram iGGANZ(68, 0) received
T|23.07.2009 15:00:40:312 |     |243   |(94)|Telegram ID 7A received
I|23.07.2009 15:00:40:312 |     |243   |(94)|Telegram iTBANZ processed
T|23.07.2009 15:00:40:328 |     |243   |(94)|Telegram ID 26B received
I|23.07.2009 15:00:40:328 |     |243   |(94)|Telegram iBLENDEANZ processed
T|23.07.2009 15:00:40:328 |     |243   |(94)|Telegram ID 78 received
I|23.07.2009 15:00:40:328 |     |243   |(94)|Telegram iGGANZ(4, 4565) received
T|23.07.2009 15:00:40:328 |     |243   |(94)|Telegram ID 78 received
I|23.07.2009 15:00:40:328 |     |243   |(94)|Telegram iGGANZ(10, 5281) received
T|23.07.2009 15:00:40:328 |     |243   |(94)|Telegram ID 7A received
I|23.07.2009 15:00:40:328 |     |243   |(94)|Telegram iTBANZ processed
T|23.07.2009 15:00:40:328 |     |243   |(94)|Telegram ID 26B received
I|23.07.2009 15:00:40:328 |     |243   |(94)|Telegram iBLENDEANZ processed
T|23.07.2009 15:00:40:328 |     |243   |(94)|Telegram ID 78 received
I|23.07.2009 15:00:40:328 |     |243   |(94)|Telegram iGGANZ(2, 3036) received
T|23.07.2009 15:00:40:328 |     |243   |(94)|Telegram ID 78 received
I|23.07.2009 15:00:40:328 |     |243   |(94)|Telegram iGGANZ(107, 1) received
T|23.07.2009 15:00:40:328 |     |243   |(94)|Telegram ID 7A received
I|23.07.2009 15:00:40:328 |     |243   |(94)|Telegram iTBANZ processed
T|23.07.2009 15:00:40:343 |     |243   |(94)|Telegram ID 29202 received
T|23.07.2009 15:00:40:343 |     |240   |(e8)|Telegram ID 29202 received
I|23.07.2009 15:00:40:343 |     |243   |(94)|Telegram TURNON from ApId 65 to ApId F3 (8 objects) processed
I|23.07.2009 15:00:40:343 |     |243   |(e8)|Telegram TURNON from ApId 65 to ApId 10 (8 objects) processed
T|23.07.2009 15:00:40:343 |     |243   |(94)|Telegram ID 78 received
I|23.07.2009 15:00:40:343 |     |243   |(94)|Telegram iGGANZ(18, -4165) received
T|23.07.2009 15:00:40:359 |     |243   |(94)|Telegram ID 26B received
I|23.07.2009 15:00:40:359 |     |243   |(94)|Telegram iBLENDEANZ processed
T|23.07.2009 15:00:40:359 |     |243   |(94)|Telegram ID 78 received
I|23.07.2009 15:00:40:359 |     |243   |(94)|Telegram iGGANZ(19, 11793) received
T|23.07.2009 15:00:40:359 |     |243   |(94)|Telegram ID 7A received
I|23.07.2009 15:00:40:359 |     |243   |(94)|Telegram iTBANZ processed
T|23.07.2009 15:00:40:375 |     |243   |(94)|Telegram ID 78 received
I|23.07.2009 15:00:40:375 |     |243   |(94)|Telegram iGGANZ(17, 900) received
T|23.07.2009 15:00:40:375 |     |243   |(94)|Telegram ID 26B received
I|23.07.2009 15:00:40:375 |     |243   |(94)|Telegram iBLENDEANZ processed
T|23.07.2009 15:00:40:375 |     |243   |(94)|Telegram ID 2B6 received
I|23.07.2009 15:00:40:375 |     |243   |(94)|Telegram iDFRALLGANZ2 processed
T|23.07.2009 15:00:40:375 |     |243   |(94)|Telegram ID 78 received
I|23.07.2009 15:00:40:375 |     |243   |(94)|Telegram iGGANZ(107, 0) received
T|23.07.2009 15:00:40:390 |     |243   |(94)|Telegram ID 78 received
I|23.07.2009 15:00:40:390 |     |243   |(94)|Telegram iGGANZ(18, -4165) received
T|23.07.2009 15:00:40:390 |     |243   |(94)|Telegram ID 7A received
I|23.07.2009 15:00:40:390 |     |243   |(94)|Telegram iTBANZ processed
T|23.07.2009 15:00:40:390 |     |243   |(94)|Telegram ID 26B received
I|23.07.2009 15:00:40:390 |     |243   |(94)|Telegram iBLENDEANZ processed
T|23.07.2009 15:00:40:406 |     |243   |(94)|Telegram ID 78 received
I|23.07.2009 15:00:40:406 |     |243   |(94)|Telegram iGGANZ(19, 11793) received
T|23.07.2009 15:00:40:406 |     |243   |(94)|Telegram ID 78 received
I|23.07.2009 15:00:40:406 |     |243   |(94)|Telegram iGGANZ(17, 900) received
T|23.07.2009 15:00:40:421 |     |243   |(94)|Telegram ID 7A received
I|23.07.2009 15:00:40:421 |     |243   |(94)|Telegram iTBANZ processed
T|23.07.2009 15:00:40:421 |     |243   |(94)|Telegram ID 26B received
I|23.07.2009 15:00:40:421 |     |243   |(94)|Telegram iBLENDEANZ processed
T|23.07.2009 15:00:40:437 |     |243   |(94)|Telegram ID 78 received
I|23.07.2009 15:00:40:437 |     |243   |(94)|Telegram iGGANZ(108, 1) received
T|23.07.2009 15:00:40:437 |     |243   |(94)|Telegram ID 78 received
I|23.07.2009 15:00:40:437 |     |243   |(94)|Telegram iGGANZ(2, 3036) received
T|23.07.2009 15:00:40:437 |     |243   |(94)|Telegram ID 7A received
I|23.07.2009 15:00:40:437 |     |243   |(94)|Telegram iTBANZ processed
T|23.07.2009 15:00:40:437 |     |243   |(94)|Telegram ID 78 received
I|23.07.2009 15:00:40:437 |     |243   |(94)|Telegram iGGANZ(3, 0) received
T|23.07.2009 15:00:40:437 |     |243   |(94)|Telegram ID 26B received
I|23.07.2009 15:00:40:437 |     |243   |(94)|Telegram iBLENDEANZ processed
T|23.07.2009 15:00:40:437 |     |243   |(94)|Telegram ID 78 received
I|23.07.2009 15:00:40:437 |     |243   |(94)|Telegram iGGANZ(4, 4565) received
T|23.07.2009 15:00:40:437 |     |243   |(94)|Telegram ID 2B6 received
I|23.07.2009 15:00:40:437 |     |243   |(94)|Telegram iDFRALLGANZ2 processed
T|23.07.2009 15:00:40:437 |     |243   |(94)|Telegram ID 78 received
I|23.07.2009 15:00:40:437 |     |243   |(94)|Telegram iGGANZ(107, 1) received
T|23.07.2009 15:00:40:468 |     |243   |(94)|Telegram ID 78 received
I|23.07.2009 15:00:40:468 |     |243   |(94)|Telegram iGGANZ(18, -4165) received
T|23.07.2009 15:00:40:468 |     |243   |(94)|Telegram ID 78 received
I|23.07.2009 15:00:40:468 |     |243   |(94)|Telegram iGGANZ(19, 11792) received
T|23.07.2009 15:00:40:468 |     |243   |(94)|Telegram ID 78 received
I|23.07.2009 15:00:40:468 |     |243   |(94)|Telegram iGGANZ(17, 900) received
T|23.07.2009 15:00:40:468 |     |243   |(94)|Telegram ID 78 received
I|23.07.2009 15:00:40:468 |     |243   |(94)|Telegram iGGANZ(105, 0) received
T|23.07.2009 15:00:40:468 |     |243   |(94)|Telegram ID 78 received
I|23.07.2009 15:00:40:468 |     |243   |(94)|Telegram iGGANZ(108, 0) received
T|23.07.2009 15:00:40:468 |     |243   |(94)|Telegram ID 78 received
I|23.07.2009 15:00:40:468 |     |243   |(94)|Telegram iGGANZ(2, 3036) received
I|23.07.2009 15:00:40:500 |     |240   |(1bc)|aServInit APID = F0
T|23.07.2009 15:00:40:500 |     |243   |(94)|Telegram ID 78 received
I|23.07.2009 15:00:40:500 |     |243   |(94)|Telegram iGGANZ(3, 0) received
T|23.07.2009 15:00:40:515 |     |243   |(94)|Telegram ID 78 received
I|23.07.2009 15:00:40:515 |     |243   |(94)|Telegram iGGANZ(4, 4565) received
T|23.07.2009 15:00:40:515 |     |243   |(94)|Telegram ID 78 received
I|23.07.2009 15:00:40:515 |     |243   |(94)|Telegram iGGANZ(107, 0) received
T|23.07.2009 15:00:40:531 |     |243   |(94)|Telegram ID 78 received
I|23.07.2009 15:00:40:531 |     |243   |(94)|Telegram iGGANZ(18, -4165) received
T|23.07.2009 15:00:40:531 |     |243   |(94)|Telegram ID 78 received
I|23.07.2009 15:00:40:531 |     |243   |(94)|Telegram iGGANZ(19, 11792) received
T|23.07.2009 15:00:40:546 |     |243   |(94)|Telegram ID 78 received
I|23.07.2009 15:00:40:546 |     |243   |(94)|Telegram iGGANZ(17, 900) received
T|23.07.2009 15:00:40:546 |     |243   |(94)|Telegram ID 78 received
I|23.07.2009 15:00:40:546 |     |243   |(94)|Telegram iGGANZ(105, 0) received
T|23.07.2009 15:00:40:546 |     |243   |(94)|Telegram ID 78 received
I|23.07.2009 15:00:40:546 |     |243   |(94)|Telegram iGGANZ(92, 0) received
T|23.07.2009 15:00:40:546 |     |243   |(94)|Telegram ID 78 received
I|23.07.2009 15:00:40:546 |     |243   |(94)|Telegram iGGANZ(68, 555) received
T|23.07.2009 15:00:40:546 |     |243   |(94)|Telegram ID 78 received
I|23.07.2009 15:00:40:546 |     |243   |(94)|Telegram iGGANZ(108, 1) received
T|23.07.2009 15:00:40:546 |     |243   |(94)|Telegram ID 78 received
I|23.07.2009 15:00:40:546 |     |243   |(94)|Telegram iGGANZ(2, 3036) received
T|23.07.2009 15:00:40:578 |     |243   |(94)|Telegram ID 78 received
I|23.07.2009 15:00:40:578 |     |243   |(94)|Telegram iGGANZ(3, 0) received
T|23.07.2009 15:00:40:578 |     |243   |(94)|Telegram ID 78 received
I|23.07.2009 15:00:40:578 |     |243   |(94)|Telegram iGGANZ(68, 0) received
T|23.07.2009 15:00:40:578 |     |243   |(94)|Telegram ID 78 received
I|23.07.2009 15:00:40:578 |     |243   |(94)|Telegram iGGANZ(4, 4565) received
T|23.07.2009 15:00:40:578 |     |243   |(94)|Telegram ID 78 received
I|23.07.2009 15:00:40:578 |     |243   |(94)|Telegram iGGANZ(109, 1) received
T|23.07.2009 15:00:40:578 |     |243   |(94)|Telegram ID 78 received
I|23.07.2009 15:00:40:578 |     |243   |(94)|Telegram iGGANZ(12, 0) received
T|23.07.2009 15:00:40:578 |     |243   |(94)|Telegram ID 2B6 received
I|23.07.2009 15:00:40:578 |     |243   |(94)|Telegram iDFRALLGANZ2 processed
T|23.07.2009 15:00:40:593 |     |243   |(94)|Telegram ID 78 received
I|23.07.2009 15:00:40:593 |     |243   |(94)|Telegram iGGANZ(13, 0) received
T|23.07.2009 15:00:40:593 |     |243   |(94)|Telegram ID 78 received
I|23.07.2009 15:00:40:593 |     |243   |(94)|Telegram iGGANZ(10, 5281) received
T|23.07.2009 15:00:40:609 |     |243   |(94)|Telegram ID 78 received
I|23.07.2009 15:00:40:609 |     |243   |(94)|Telegram iGGANZ(107, 1) received
T|23.07.2009 15:00:40:609 |     |243   |(94)|Telegram ID 78 received
I|23.07.2009 15:00:40:609 |     |243   |(94)|Telegram iGGANZ(18, -4165) received
T|23.07.2009 15:00:40:609 |     |243   |(94)|Telegram ID 78 received
I|23.07.2009 15:00:40:609 |     |243   |(94)|Telegram iGGANZ(19, 11792) received
T|23.07.2009 15:00:40:609 |     |243   |(94)|Telegram ID 78 received
I|23.07.2009 15:00:40:609 |     |243   |(94)|Telegram iGGANZ(105, 0) received
T|23.07.2009 15:00:40:625 |     |243   |(94)|Telegram ID 78 received
I|23.07.2009 15:00:40:625 |     |243   |(94)|Telegram iGGANZ(108, 0) received
T|23.07.2009 15:00:40:640 |     |243   |(94)|Telegram ID 2B6 received
I|23.07.2009 15:00:40:640 |     |243   |(94)|Telegram iDFRALLGANZ2 processed
T|23.07.2009 15:00:40:640 |     |243   |(94)|Telegram ID 78 received
I|23.07.2009 15:00:40:640 |     |243   |(94)|Telegram iGGANZ(2, 3036) received
T|23.07.2009 15:00:40:656 |     |243   |(94)|Telegram ID 78 received
I|23.07.2009 15:00:40:656 |     |243   |(94)|Telegram iGGANZ(3, 0) received
T|23.07.2009 15:00:40:656 |     |243   |(94)|Telegram ID 78 received
I|23.07.2009 15:00:40:656 |     |243   |(94)|Telegram iGGANZ(4, 4565) received
T|23.07.2009 15:00:40:656 |     |243   |(94)|Telegram ID 78 received
I|23.07.2009 15:00:40:656 |     |243   |(94)|Telegram iGGANZ(109, 0) received
T|23.07.2009 15:00:40:656 |     |243   |(94)|Telegram ID 78 received
I|23.07.2009 15:00:40:656 |     |243   |(94)|Telegram iGGANZ(12, 0) received
T|23.07.2009 15:00:40:656 |     |243   |(94)|Telegram ID 78 received
I|23.07.2009 15:00:40:656 |     |243   |(94)|Telegram iGGANZ(13, 0) received
T|23.07.2009 15:00:40:656 |     |243   |(94)|Telegram ID 78 received
I|23.07.2009 15:00:40:656 |     |243   |(94)|Telegram iGGANZ(10, 5281) received
T|23.07.2009 15:00:40:656 |     |243   |(94)|Telegram ID 78 received
I|23.07.2009 15:00:40:656 |     |243   |(94)|Telegram iGGANZ(107, 0) received
T|23.07.2009 15:00:40:687 |     |243   |(94)|Telegram ID 78 received
I|23.07.2009 15:00:40:687 |     |243   |(94)|Telegram iGGANZ(18, -4165) received
T|23.07.2009 15:00:40:687 |     |243   |(94)|Telegram ID 78 received
I|23.07.2009 15:00:40:687 |     |243   |(94)|Telegram iGGANZ(19, 11792) received
T|23.07.2009 15:00:40:687 |     |243   |(94)|Telegram ID 78 received
I|23.07.2009 15:00:40:687 |     |243   |(94)|Telegram iGGANZ(17, 900) received
T|23.07.2009 15:00:40:687 |     |243   |(94)|Telegram ID 78 received
I|23.07.2009 15:00:40:687 |     |243   |(94)|Telegram iGGANZ(105, 0) received
I|23.07.2009 15:00:40:703 |     |240   |(1bc)|aServInit APID = F0
T|23.07.2009 15:00:40:703 |     |243   |(94)|Telegram ID 78 received
I|23.07.2009 15:00:40:703 |     |243   |(94)|Telegram iGGANZ(28, 49) received
T|23.07.2009 15:00:40:734 |     |243   |(94)|Telegram ID 2B6 received
I|23.07.2009 15:00:40:734 |     |243   |(94)|Telegram iDFRALLGANZ2 processed
T|23.07.2009 15:00:40:796 |     |243   |(94)|Telegram ID 10F10 received
I|23.07.2009 15:00:40:796 |     |243   |(94)|Telegram iPASSWORT processed
T|23.07.2009 15:00:40:796 |     |243   |(94)|Telegram ID 10BCA received
I|23.07.2009 15:00:40:796 |     |240   |(94)|iServInit F0, 5
I|23.07.2009 15:00:40:796 |     |240   |(94)|aServInit APID = F0
I|23.07.2009 15:00:40:812 |     |243   |(94)|Telegram iSERVINIT processed
T|23.07.2009 15:00:40:812 |     |243   |(94)|Telegram ID 10BCA received
I|23.07.2009 15:00:40:812 |     |240   |(94)|iServInit F0, 18
I|23.07.2009 15:00:40:812 |     |240   |(94)|aServInit APID = F0
I|23.07.2009 15:00:40:828 |     |243   |(94)|Telegram iSERVINIT processed
T|23.07.2009 15:00:40:828 |     |243   |(94)|Telegram ID 2B6 received
I|23.07.2009 15:00:40:828 |     |243   |(94)|Telegram iDFRALLGANZ2 processed
T|23.07.2009 15:00:40:828 |     |243   |(94)|Telegram ID A0 received
I|23.07.2009 15:00:40:828 |     |243   |(94)|Telegram iERWALLGANZ processed
T|23.07.2009 15:00:40:828 |     |243   |(94)|Telegram ID 2B6 received
I|23.07.2009 15:00:40:828 |     |243   |(94)|Telegram iDFRALLGANZ2 processed
T|23.07.2009 15:00:40:843 |     |243   |(94)|Telegram ID A0 received
I|23.07.2009 15:00:40:843 |     |243   |(94)|Telegram iERWALLGANZ processed
T|23.07.2009 15:00:40:843 |     |243   |(94)|Telegram ID 2B6 received
I|23.07.2009 15:00:40:843 |     |243   |(94)|Telegram iDFRALLGANZ2 processed
T|23.07.2009 15:00:40:843 |     |243   |(94)|Telegram ID 2B6 received
I|23.07.2009 15:00:40:843 |     |243   |(94)|Telegram iDFRALLGANZ2 processed
T|23.07.2009 15:00:40:843 |     |243   |(94)|Telegram ID 2C9 received
I|23.07.2009 15:00:40:843 |     |243   |(94)|Telegram iSTATUSGENAUFN processed
T|23.07.2009 15:00:40:843 |     |243   |(94)|Telegram ID AD received
I|23.07.2009 15:00:40:843 |     |243   |(94)|Telegram iDFPANZ_2 processed
T|23.07.2009 15:00:40:843 |     |243   |(94)|Telegram ID 10BCA received
I|23.07.2009 15:00:40:843 |     |240   |(94)|iServInit F0, 6
I|23.07.2009 15:00:40:843 |     |240   |(94)|aServInit APID = F0
I|23.07.2009 15:00:40:859 |     |243   |(94)|Telegram iSERVINIT processed
T|23.07.2009 15:00:40:875 |     |243   |(94)|Telegram ID 10BCA received
I|23.07.2009 15:00:40:875 |     |240   |(94)|iServInit F0, 19
I|23.07.2009 15:00:40:875 |     |240   |(94)|aServInit APID = F0
I|23.07.2009 15:00:40:890 |     |243   |(94)|Telegram iSERVINIT processed
T|23.07.2009 15:00:40:890 |     |243   |(94)|Telegram ID 10BCA received
I|23.07.2009 15:00:40:890 |     |240   |(94)|iServInit F0, 7
I|23.07.2009 15:00:40:890 |     |240   |(94)|aServInit APID = F0
I|23.07.2009 15:00:40:906 |     |243   |(94)|Telegram iSERVINIT processed
T|23.07.2009 15:00:40:937 |     |243   |(94)|Telegram ID A1 received
T|23.07.2009 15:00:40:937 |     |243   |(94)|Telegram ID 272 received
I|23.07.2009 15:00:40:937 |     |243   |(94)|Telegram sDFRFOBVA(0) processed
T|23.07.2009 15:00:40:937 |     |243   |(94)|Telegram ID 265 received
T|23.07.2009 15:00:40:937 |     |243   |(94)|Telegram ID 273 received
I|23.07.2009 15:00:40:937 |     |243   |(94)|Telegram sDFRFOTA(0) processed
T|23.07.2009 15:00:40:937 |     |243   |(94)|Telegram ID 80 received
I|23.07.2009 15:00:40:937 |     |243   |(94)|Telegram iBVFSANZ processed
T|23.07.2009 15:00:40:953 |     |243   |(94)|Telegram ID 8D received
I|23.07.2009 15:00:40:953 |     |243   |(94)|Telegram iORGANANZ processed
T|23.07.2009 15:00:40:953 |     |243   |(94)|Telegram ID 324 received
I|23.07.2009 15:00:40:953 |     |243   |(94)|Telegram iFFANZ(0) processed
T|23.07.2009 15:00:40:953 |     |243   |(94)|Telegram ID 7D received
I|23.07.2009 15:00:40:953 |     |243   |(94)|Telegram iROEANZ processed
T|23.07.2009 15:00:40:953 |     |243   |(94)|Telegram ID 7B received
I|23.07.2009 15:00:40:968 |     |243   |(94)|Telegram iDLANZ processed
T|23.07.2009 15:00:40:968 |     |243   |(94)|Telegram ID AD received
I|23.07.2009 15:00:40:968 |     |243   |(94)|Telegram iDFPANZ_2 processed
T|23.07.2009 15:00:41:000 |     |243   |(94)|Telegram ID 78 received
I|23.07.2009 15:00:41:000 |     |243   |(94)|Telegram iGGANZ(90, 3) received
T|23.07.2009 15:00:41:015 |     |243   |(94)|Telegram ID 2299 received
I|23.07.2009 15:00:41:015 |     |243   |(94)|Telegram SH_LIST processed
T|23.07.2009 15:00:41:015 |     |243   |(94)|Telegram ID 2B6 received
I|23.07.2009 15:00:41:015 |     |243   |(94)|Telegram iDFRALLGANZ2 processed
T|23.07.2009 15:00:41:015 |     |243   |(94)|Telegram ID 78 received
I|23.07.2009 15:00:41:015 |     |243   |(94)|Telegram iGGANZ(91, 5) received
T|23.07.2009 15:00:41:015 |     |243   |(94)|Telegram ID 2299 received
I|23.07.2009 15:00:41:015 |     |243   |(94)|Telegram SH_LIST processed
T|23.07.2009 15:00:41:015 |     |243   |(94)|Telegram ID 8E received
I|23.07.2009 15:00:41:015 |     |243   |(94)|Telegram iGENANZ processed
T|23.07.2009 15:00:41:015 |     |243   |(94)|Telegram ID 78 received
I|23.07.2009 15:00:41:015 |     |243   |(94)|Telegram iGGANZ(92, 0) received
T|23.07.2009 15:00:41:015 |     |243   |(94)|Telegram ID 2299 received
I|23.07.2009 15:00:41:015 |     |243   |(94)|Telegram SH_LIST processed
T|23.07.2009 15:00:41:046 |     |243   |(94)|Telegram ID 78 received
I|23.07.2009 15:00:41:046 |     |243   |(94)|Telegram iGGANZ(98, 3) received
T|23.07.2009 15:00:41:046 |     |243   |(94)|Telegram ID 2B9 received
I|23.07.2009 15:00:41:046 |     |243   |(94)|Telegram iDOSEREQUESTED processed
T|23.07.2009 15:00:41:046 |     |243   |(94)|Telegram ID 78 received
I|23.07.2009 15:00:41:046 |     |243   |(94)|Telegram iGGANZ(28, 49) received
T|23.07.2009 15:00:41:046 |     |243   |(94)|Telegram ID 92 received
I|23.07.2009 15:00:41:390 |     |243   |(94)|Telegram iSPANZ processed
T|23.07.2009 15:00:41:390 |     |243   |(94)|Telegram ID 2B6 received
I|23.07.2009 15:00:41:390 |     |243   |(94)|Telegram iDFRALLGANZ2 processed
T|23.07.2009 15:00:41:390 |     |243   |(94)|Telegram ID 2B9 received
I|23.07.2009 15:00:41:390 |     |243   |(94)|Telegram iDOSEREQUESTED processed
T|23.07.2009 15:00:41:390 |     |243   |(94)|Telegram ID 2B6 received
I|23.07.2009 15:00:41:390 |     |243   |(94)|Telegram iDFRALLGANZ2 processed
T|23.07.2009 15:00:41:390 |     |243   |(94)|Telegram ID 2B6 received
I|23.07.2009 15:00:41:390 |     |243   |(94)|Telegram iDFRALLGANZ2 processed
T|23.07.2009 15:00:41:390 |     |243   |(94)|Telegram ID 2B6 received
I|23.07.2009 15:00:41:390 |     |243   |(94)|Telegram iDFRALLGANZ2 processed
T|23.07.2009 15:00:41:390 |     |243   |(94)|Telegram ID 2B5 received
I|23.07.2009 15:00:41:390 |     |243   |(94)|Telegram iFILTERANZ processed
T|23.07.2009 15:00:41:390 |     |243   |(94)|Telegram ID 78 received
I|23.07.2009 15:00:41:390 |     |243   |(94)|Telegram iGGANZ(98, 3) received
T|23.07.2009 15:00:41:390 |     |243   |(94)|Telegram ID 10019 received
T|23.07.2009 15:00:41:390 |     |243   |(94)|Telegram ID 2B6 received
I|23.07.2009 15:00:41:390 |     |243   |(94)|Telegram iDFRALLGANZ2 processed
T|23.07.2009 15:00:41:390 |     |243   |(94)|Telegram ID 2B9 received
I|23.07.2009 15:00:41:390 |     |243   |(94)|Telegram iDOSEREQUESTED processed
T|23.07.2009 15:00:41:390 |     |243   |(94)|Telegram ID 2B5 received
I|23.07.2009 15:00:41:390 |     |243   |(94)|Telegram iFILTERANZ processed
T|23.07.2009 15:00:41:390 |     |243   |(94)|Telegram ID 333 received
I|23.07.2009 15:00:41:390 |     |243   |(94)|Telegram iRASTERANZ processed
T|23.07.2009 15:00:41:390 |     |243   |(94)|Telegram ID 2B5 received
I|23.07.2009 15:00:41:390 |     |243   |(94)|Telegram iFILTERANZ processed
T|23.07.2009 15:00:41:390 |     |243   |(94)|Telegram ID 2B6 received
I|23.07.2009 15:00:41:390 |     |243   |(94)|Telegram iDFRALLGANZ2 processed
I|23.07.2009 15:00:41:843 |     |240   |(1bc)|aServInit APID = F0
T|23.07.2009 15:00:41:859 |     |243   |(94)|Telegram ID 10BCA received
I|23.07.2009 15:00:41:859 |     |240   |(94)|iServInit F0, 54
I|23.07.2009 15:00:41:875 |     |243   |(94)|Telegram iSERVINIT processed
T|23.07.2009 15:00:42:140 |     |243   |(94)|Telegram ID 25D received
I|23.07.2009 15:00:42:140 |     |240   |(94)|Telegram iANLBEREIT(19, 19) received
T|23.07.2009 15:00:42:140 |     |243   |(94)|Telegram ID 2B6 received
I|23.07.2009 15:00:42:140 |     |243   |(94)|Telegram iDFRALLGANZ2 processed
T|23.07.2009 15:00:42:140 |     |243   |(94)|Telegram ID 23 received
I|23.07.2009 15:00:42:140 |     |243   |(94)|Telegram iFEHLERANZ2 processed
E|23.07.2009 15:00:42:140 |00328|017   |(1bc)|017; XCU Err 328 / 17: Confirm error; only limited movements
T|23.07.2009 15:00:42:234 |     |243   |(94)|Telegram ID 25D received
I|23.07.2009 15:00:42:234 |     |240   |(94)|Telegram iANLBEREIT(5, 5) received
T|23.07.2009 15:00:42:234 |     |243   |(94)|Telegram ID 2B6 received
I|23.07.2009 15:00:42:234 |     |243   |(94)|Telegram iDFRALLGANZ2 processed
T|23.07.2009 15:00:42:250 |     |243   |(94)|Telegram ID 95 received
I|23.07.2009 15:00:42:250 |     |243   |(94)|Telegram sFANZLOESCHEN processed
T|23.07.2009 15:00:44:203 |     |243   |(94)|Telegram ID 102B8 received
E|23.07.2009 15:00:44:203 |00328|017   |(94)|017; : #328, ApId 17 09/07/23 15:00:42.0, Communication error with CAN node, (00302)CAN Backlog
T|23.07.2009 15:00:44:203 |     |243   |(94)|Telegram ID 102B8 received
W|23.07.2009 15:00:44:203 |00328|017   |(94)|017; : #328, ApId 17 09/07/23 15:00:42.0, Communication error with CAN node, (00302)CAN BackRst
T|23.07.2009 15:00:44:203 |     |243   |(94)|Telegram ID 102B8 received
W|23.07.2009 15:00:44:203 |00328|017   |(94)|017; : #328, ApId 17 09/07/23 15:00:42.0, Communication error with CAN node, (00302)CAN BackRst
T|23.07.2009 15:00:44:203 |     |243   |(94)|Telegram ID 102B8 received
W|23.07.2009 15:00:44:203 |00445|017   |(94)|017; : #445, ApId 17 09/07/23 15:00:42.0, Collision unit changed, (00445)Col Backlog
T|23.07.2009 15:00:44:203 |     |243   |(94)|Telegram ID 102B8 received
W|23.07.2009 15:00:44:203 |00417|017   |(94)|017; : #417, ApId 17 09/07/23 15:00:42.0, Collision control deactivated, (00417)|0, Backlog
T|23.07.2009 15:00:44:203 |     |243   |(94)|Telegram ID 102B8 received
W|23.07.2009 15:00:44:203 |00328|017   |(94)|017; : #328, ApId 17 09/07/23 15:00:42.0, Communication error with CAN node, (00302)CAN BackRst
T|23.07.2009 15:00:44:203 |     |243   |(94)|Telegram ID 102B8 received
W|23.07.2009 15:00:44:203 |00328|017   |(94)|017; : #328, ApId 17 09/07/23 15:00:42.0, Communication error with CAN node, (00302)CAN BackRst
T|23.07.2009 15:00:44:203 |     |243   |(94)|Telegram ID 102B8 received
W|23.07.2009 15:00:44:203 |39119|017   |(94)|017; : #39119, ApId 17 09/07/23 15:00:42.0, Reduced stand/table speed, (01119)Axl Backlog
T|23.07.2009 15:00:44:203 |     |243   |(94)|Telegram ID 102B8 received
W|23.07.2009 15:00:44:203 |39119|017   |(94)|017; : #39119, ApId 17 09/07/23 15:00:42.0, Reduced stand/table speed, (01119)Axl BackRst
T|23.07.2009 15:00:44:203 |     |243   |(94)|Telegram ID 102B8 received
W|23.07.2009 15:00:44:203 |00050|017   |(94)|017; : #50, ApId 17 09/07/23 15:00:42.0, Position error detected, (00050)axl Backlog
T|23.07.2009 15:00:44:203 |     |243   |(94)|Telegram ID 102B8 received
W|23.07.2009 15:00:44:203 |39110|017   |(94)|017; : #39110, ApId 17 09/07/23 15:00:42.0, Reduced stand/table speed, (01110)Axl Backlog
T|23.07.2009 15:00:44:203 |     |243   |(94)|Telegram ID 102B8 received
W|23.07.2009 15:00:44:203 |00050|017   |(94)|017; : #50, ApId 17 09/07/23 15:00:42.0, Position error detected, (00050)axl BackRst
T|23.07.2009 15:00:44:218 |     |243   |(94)|Telegram ID 102B8 received
W|23.07.2009 15:00:44:218 |39110|017   |(94)|017; : #39110, ApId 17 09/07/23 15:00:42.0, Reduced stand/table speed, (01110)Axl BackRst
T|23.07.2009 15:00:44:218 |     |243   |(94)|Telegram ID 102B8 received
W|23.07.2009 15:00:44:218 |00050|017   |(94)|017; : #50, ApId 17 09/07/23 15:00:42.0, Position error detected, (00050)axl Backlog
T|23.07.2009 15:00:44:218 |     |243   |(94)|Telegram ID 102B8 received
W|23.07.2009 15:00:44:218 |42110|017   |(94)|017; : #42110, ApId 17 09/07/23 15:00:42.0, Reduced stand/table speed, (01110)Axl Backlog
T|23.07.2009 15:00:44:218 |     |243   |(94)|Telegram ID 102B8 received
W|23.07.2009 15:00:44:218 |00050|017   |(94)|017; : #50, ApId 17 09/07/23 15:00:42.0, Position error detected, (00050)axl BackRst
T|23.07.2009 15:00:44:218 |     |243   |(94)|Telegram ID 102B8 received
W|23.07.2009 15:00:44:218 |42110|017   |(94)|017; : #42110, ApId 17 09/07/23 15:00:42.0, Reduced stand/table speed, (01110)Axl BackRst
T|23.07.2009 15:00:44:218 |     |243   |(94)|Telegram ID 102B8 received
W|23.07.2009 15:00:44:218 |43119|017   |(94)|017; : #43119, ApId 17 09/07/23 15:00:42.0, Reduced stand/table speed, (01119)Axl Backlog
T|23.07.2009 15:00:44:218 |     |243   |(94)|Telegram ID 102B8 received
W|23.07.2009 15:00:44:218 |43119|017   |(94)|017; : #43119, ApId 17 09/07/23 15:00:42.0, Reduced stand/table speed, (01119)Axl BackRst
T|23.07.2009 15:00:44:218 |     |243   |(94)|Telegram ID 102B8 received
W|23.07.2009 15:00:44:218 |00050|017   |(94)|017; : #50, ApId 17 09/07/23 15:00:42.0, Position error detected, (00050)axl Backlog
T|23.07.2009 15:00:44:234 |     |243   |(94)|Telegram ID 102B8 received
W|23.07.2009 15:00:44:234 |43110|017   |(94)|017; : #43110, ApId 17 09/07/23 15:00:42.0, Reduced stand/table speed, (01110)Axl Backlog
T|23.07.2009 15:00:44:234 |     |243   |(94)|Telegram ID 102B8 received
W|23.07.2009 15:00:44:234 |00050|017   |(94)|017; : #50, ApId 17 09/07/23 15:00:42.0, Position error detected, (00050)axl BackRst
T|23.07.2009 15:00:44:234 |     |243   |(94)|Telegram ID 102B8 received
W|23.07.2009 15:00:44:234 |43110|017   |(94)|017; : #43110, ApId 17 09/07/23 15:00:42.0, Reduced stand/table speed, (01110)Axl BackRst
T|23.07.2009 15:00:44:234 |     |243   |(94)|Telegram ID 102B8 received
W|23.07.2009 15:00:44:234 |44119|017   |(94)|017; : #44119, ApId 17 09/07/23 15:00:42.0, Reduced stand/table speed, (01119)Axl Backlog
T|23.07.2009 15:00:44:234 |     |243   |(94)|Telegram ID 102B8 received
W|23.07.2009 15:00:44:234 |44119|017   |(94)|017; : #44119, ApId 17 09/07/23 15:00:43.0, Reduced stand/table speed, (01119)Axl BackRst
T|23.07.2009 15:00:44:234 |     |243   |(94)|Telegram ID 102B8 received
W|23.07.2009 15:00:44:234 |00050|017   |(94)|017; : #50, ApId 17 09/07/23 15:00:43.0, Position error detected, (00050)axl Backlog
T|23.07.2009 15:00:44:234 |     |243   |(94)|Telegram ID 102B8 received
W|23.07.2009 15:00:44:234 |44110|017   |(94)|017; : #44110, ApId 17 09/07/23 15:00:43.0, Reduced stand/table speed, (01110)Axl Backlog
T|23.07.2009 15:00:44:234 |     |243   |(94)|Telegram ID 102B8 received
W|23.07.2009 15:00:44:234 |00050|017   |(94)|017; : #50, ApId 17 09/07/23 15:00:43.0, Position error detected, (00050)axl BackRst
T|23.07.2009 15:00:44:234 |     |243   |(94)|Telegram ID 102B8 received
W|23.07.2009 15:00:44:234 |44110|017   |(94)|017; : #44110, ApId 17 09/07/23 15:00:43.0, Reduced stand/table speed, (01110)Axl BackRst
T|23.07.2009 15:00:44:234 |     |243   |(94)|Telegram ID 102B8 received
W|23.07.2009 15:00:44:234 |45119|017   |(94)|017; : #45119, ApId 17 09/07/23 15:00:43.0, Reduced stand/table speed, (01119)Axl Backlog
T|23.07.2009 15:00:44:234 |     |243   |(94)|Telegram ID 102B8 received
W|23.07.2009 15:00:44:234 |45119|017   |(94)|017; : #45119, ApId 17 09/07/23 15:00:43.0, Reduced stand/table speed, (01119)Axl BackRst
T|23.07.2009 15:00:44:234 |     |243   |(94)|Telegram ID 102B8 received
W|23.07.2009 15:00:44:234 |00050|017   |(94)|017; : #50, ApId 17 09/07/23 15:00:43.0, Position error detected, (00050)axl Backlog
T|23.07.2009 15:00:44:234 |     |243   |(94)|Telegram ID 102B8 received
W|23.07.2009 15:00:44:234 |45110|017   |(94)|017; : #45110, ApId 17 09/07/23 15:00:43.0, Reduced stand/table speed, (01110)Axl Backlog
T|23.07.2009 15:00:44:234 |     |243   |(94)|Telegram ID 102B8 received
W|23.07.2009 15:00:44:234 |00050|017   |(94)|017; : #50, ApId 17 09/07/23 15:00:43.0, Position error detected, (00050)axl BackRst
T|23.07.2009 15:00:44:234 |     |243   |(94)|Telegram ID 102B8 received
W|23.07.2009 15:00:44:234 |45110|017   |(94)|017; : #45110, ApId 17 09/07/23 15:00:43.0, Reduced stand/table speed, (01110)Axl BackRst
T|23.07.2009 15:00:44:250 |     |243   |(94)|Telegram ID 102B8 received
W|23.07.2009 15:00:44:250 |46119|017   |(94)|017; : #46119, ApId 17 09/07/23 15:00:43.0, Reduced stand/table speed, (01119)Axl Backlog
T|23.07.2009 15:00:44:250 |     |243   |(94)|Telegram ID 102B8 received
W|23.07.2009 15:00:44:250 |46119|017   |(94)|017; : #46119, ApId 17 09/07/23 15:00:43.0, Reduced stand/table speed, (01119)Axl BackRst
T|23.07.2009 15:00:44:250 |     |243   |(94)|Telegram ID 102B8 received
W|23.07.2009 15:00:44:250 |00050|017   |(94)|017; : #50, ApId 17 09/07/23 15:00:43.0, Position error detected, (00050)axl Backlog
T|23.07.2009 15:00:44:250 |     |243   |(94)|Telegram ID 102B8 received
W|23.07.2009 15:00:44:250 |46110|017   |(94)|017; : #46110, ApId 17 09/07/23 15:00:43.0, Reduced stand/table speed, (01110)Axl Backlog
T|23.07.2009 15:00:44:296 |     |243   |(94)|Telegram ID 102B8 received
W|23.07.2009 15:00:44:296 |00050|017   |(94)|017; : #50, ApId 17 09/07/23 15:00:43.0, Position error detected, (00050)axl BackRst
T|23.07.2009 15:00:44:296 |     |243   |(94)|Telegram ID 102B8 received
W|23.07.2009 15:00:44:296 |46110|017   |(94)|017; : #46110, ApId 17 09/07/23 15:00:43.0, Reduced stand/table speed, (01110)Axl BackRst
T|23.07.2009 15:00:44:312 |     |243   |(94)|Telegram ID 102B8 received
W|23.07.2009 15:00:44:312 |41119|017   |(94)|017; : #41119, ApId 17 09/07/23 15:00:43.0, Reduced stand/table speed, (01119)Axl Backlog
T|23.07.2009 15:00:44:312 |     |243   |(94)|Telegram ID 102B8 received
W|23.07.2009 15:00:44:312 |41119|017   |(94)|017; : #41119, ApId 17 09/07/23 15:00:43.0, Reduced stand/table speed, (01119)Axl BackRst
T|23.07.2009 15:00:44:312 |     |243   |(94)|Telegram ID 102B8 received
W|23.07.2009 15:00:44:312 |00050|017   |(94)|017; : #50, ApId 17 09/07/23 15:00:43.0, Position error detected, (00050)axl Backlog
T|23.07.2009 15:00:44:312 |     |243   |(94)|Telegram ID 102B8 received
W|23.07.2009 15:00:44:312 |41110|017   |(94)|017; : #41110, ApId 17 09/07/23 15:00:43.0, Reduced stand/table speed, (01110)Axl Backlog
T|23.07.2009 15:00:44:312 |     |243   |(94)|Telegram ID 102B8 received
W|23.07.2009 15:00:44:312 |00050|017   |(94)|017; : #50, ApId 17 09/07/23 15:00:43.0, Position error detected, (00050)axl BackRst
T|23.07.2009 15:00:44:312 |     |243   |(94)|Telegram ID 102B8 received
W|23.07.2009 15:00:44:312 |41110|017   |(94)|017; : #41110, ApId 17 09/07/23 15:00:43.0, Reduced stand/table speed, (01110)Axl BackRst
T|23.07.2009 15:00:44:312 |     |243   |(94)|Telegram ID 102B8 received
W|23.07.2009 15:00:44:312 |00445|017   |(94)|017; : #445, ApId 17 09/07/23 15:00:43.0, Collision unit changed, (00445)|0, BackRst
T|23.07.2009 15:00:44:312 |     |243   |(94)|Telegram ID 102B8 received
W|23.07.2009 15:00:44:312 |00334|017   |(94)|017; : #334, ApId 17 09/07/23 15:00:43.0, Loss of position values, (00303)Los BackRst
T|23.07.2009 15:00:44:312 |     |243   |(94)|Telegram ID 102B8 received
W|23.07.2009 15:00:44:312 |00040|240   |(94)|240; : #40, ApId 240 09/07/23 15:00:43.0, ---- XCU boot completed ----, VB12A_010 Backlog
T|23.07.2009 15:00:44:312 |     |243   |(94)|Telegram ID 102B8 received
E|23.07.2009 15:00:44:312 |00328|017   |(94)|017; : #328, ApId 17 09/07/23 15:00:42.0, Communication error with CAN node, (00302)CAN Backlog
T|23.07.2009 15:00:44:312 |     |243   |(94)|Telegram ID 102B8 received
W|23.07.2009 15:00:44:312 |00328|017   |(94)|017; : #328, ApId 17 09/07/23 15:00:42.0, Communication error with CAN node, (00302)CAN BackRst
T|23.07.2009 15:00:44:328 |     |243   |(94)|Telegram ID 102B8 received
W|23.07.2009 15:00:44:328 |00328|017   |(94)|017; : #328, ApId 17 09/07/23 15:00:42.0, Communication error with CAN node, (00302)CAN BackRst
T|23.07.2009 15:00:44:328 |     |243   |(94)|Telegram ID 102B8 received
W|23.07.2009 15:00:44:328 |00445|017   |(94)|017; : #445, ApId 17 09/07/23 15:00:42.0, Collision unit changed, (00445)Col Backlog
T|23.07.2009 15:00:44:328 |     |243   |(94)|Telegram ID 102B8 received
W|23.07.2009 15:00:44:328 |00417|017   |(94)|017; : #417, ApId 17 09/07/23 15:00:42.0, Collision control deactivated, (00417)|0, Backlog
T|23.07.2009 15:00:44:328 |     |243   |(94)|Telegram ID 102B8 received
W|23.07.2009 15:00:44:328 |00328|017   |(94)|017; : #328, ApId 17 09/07/23 15:00:42.0, Communication error with CAN node, (00302)CAN BackRst
T|23.07.2009 15:00:44:328 |     |243   |(94)|Telegram ID 102B8 received
W|23.07.2009 15:00:44:328 |00328|017   |(94)|017; : #328, ApId 17 09/07/23 15:00:42.0, Communication error with CAN node, (00302)CAN BackRst
T|23.07.2009 15:00:44:328 |     |243   |(94)|Telegram ID 102B8 received
W|23.07.2009 15:00:44:328 |39119|017   |(94)|017; : #39119, ApId 17 09/07/23 15:00:42.0, Reduced stand/table speed, (01119)Axl Backlog
T|23.07.2009 15:00:44:328 |     |243   |(94)|Telegram ID 102B8 received
W|23.07.2009 15:00:44:328 |39119|017   |(94)|017; : #39119, ApId 17 09/07/23 15:00:42.0, Reduced stand/table speed, (01119)Axl BackRst
T|23.07.2009 15:00:44:328 |     |243   |(94)|Telegram ID 102B8 received
W|23.07.2009 15:00:44:328 |00050|017   |(94)|017; : #50, ApId 17 09/07/23 15:00:42.0, Position error detected, (00050)axl Backlog
T|23.07.2009 15:00:44:328 |     |243   |(94)|Telegram ID 102B8 received
W|23.07.2009 15:00:44:328 |39110|017   |(94)|017; : #39110, ApId 17 09/07/23 15:00:42.0, Reduced stand/table speed, (01110)Axl Backlog
T|23.07.2009 15:00:44:328 |     |243   |(94)|Telegram ID 102B8 received
W|23.07.2009 15:00:44:328 |00050|017   |(94)|017; : #50, ApId 17 09/07/23 15:00:42.0, Position error detected, (00050)axl BackRst
T|23.07.2009 15:00:44:343 |     |243   |(94)|Telegram ID 102B8 received
W|23.07.2009 15:00:44:343 |39110|017   |(94)|017; : #39110, ApId 17 09/07/23 15:00:42.0, Reduced stand/table speed, (01110)Axl BackRst
T|23.07.2009 15:00:44:343 |     |243   |(94)|Telegram ID 102B8 received
W|23.07.2009 15:00:44:343 |00050|017   |(94)|017; : #50, ApId 17 09/07/23 15:00:42.0, Position error detected, (00050)axl Backlog
T|23.07.2009 15:00:44:343 |     |243   |(94)|Telegram ID 102B8 received
W|23.07.2009 15:00:44:343 |42110|017   |(94)|017; : #42110, ApId 17 09/07/23 15:00:42.0, Reduced stand/table speed, (01110)Axl Backlog
T|23.07.2009 15:00:44:343 |     |243   |(94)|Telegram ID 102B8 received
W|23.07.2009 15:00:44:343 |00050|017   |(94)|017; : #50, ApId 17 09/07/23 15:00:42.0, Position error detected, (00050)axl BackRst
T|23.07.2009 15:00:44:343 |     |243   |(94)|Telegram ID 102B8 received
W|23.07.2009 15:00:44:343 |42110|017   |(94)|017; : #42110, ApId 17 09/07/23 15:00:42.0, Reduced stand/table speed, (01110)Axl BackRst
T|23.07.2009 15:00:44:343 |     |243   |(94)|Telegram ID 102B8 received
W|23.07.2009 15:00:44:343 |43119|017   |(94)|017; : #43119, ApId 17 09/07/23 15:00:42.0, Reduced stand/table speed, (01119)Axl Backlog
T|23.07.2009 15:00:44:343 |     |243   |(94)|Telegram ID 102B8 received
W|23.07.2009 15:00:44:343 |43119|017   |(94)|017; : #43119, ApId 17 09/07/23 15:00:42.0, Reduced stand/table speed, (01119)Axl BackRst
T|23.07.2009 15:00:44:343 |     |243   |(94)|Telegram ID 102B8 received
W|23.07.2009 15:00:44:343 |00050|017   |(94)|017; : #50, ApId 17 09/07/23 15:00:42.0, Position error detected, (00050)axl Backlog
T|23.07.2009 15:00:44:343 |     |243   |(94)|Telegram ID 102B8 received
W|23.07.2009 15:00:44:343 |43110|017   |(94)|017; : #43110, ApId 17 09/07/23 15:00:42.0, Reduced stand/table speed, (01110)Axl Backlog
T|23.07.2009 15:00:44:343 |     |243   |(94)|Telegram ID 102B8 received
W|23.07.2009 15:00:44:343 |00050|017   |(94)|017; : #50, ApId 17 09/07/23 15:00:42.0, Position error detected, (00050)axl BackRst
T|23.07.2009 15:00:44:343 |     |243   |(94)|Telegram ID 102B8 received
W|23.07.2009 15:00:44:343 |43110|017   |(94)|017; : #43110, ApId 17 09/07/23 15:00:42.0, Reduced stand/table speed, (01110)Axl BackRst
T|23.07.2009 15:00:44:343 |     |243   |(94)|Telegram ID 102B8 received
W|23.07.2009 15:00:44:343 |44119|017   |(94)|017; : #44119, ApId 17 09/07/23 15:00:42.0, Reduced stand/table speed, (01119)Axl Backlog
T|23.07.2009 15:00:44:343 |     |243   |(94)|Telegram ID 102B8 received
W|23.07.2009 15:00:44:343 |44119|017   |(94)|017; : #44119, ApId 17 09/07/23 15:00:43.0, Reduced stand/table speed, (01119)Axl BackRst
T|23.07.2009 15:00:44:343 |     |243   |(94)|Telegram ID 102B8 received
W|23.07.2009 15:00:44:343 |00050|017   |(94)|017; : #50, ApId 17 09/07/23 15:00:43.0, Position error detected, (00050)axl Backlog
T|23.07.2009 15:00:44:359 |     |243   |(94)|Telegram ID 102B8 received
W|23.07.2009 15:00:44:359 |44110|017   |(94)|017; : #44110, ApId 17 09/07/23 15:00:43.0, Reduced stand/table speed, (01110)Axl Backlog
T|23.07.2009 15:00:44:359 |     |243   |(94)|Telegram ID 102B8 received
W|23.07.2009 15:00:44:359 |00050|017   |(94)|017; : #50, ApId 17 09/07/23 15:00:43.0, Position error detected, (00050)axl BackRst
T|23.07.2009 15:00:44:359 |     |243   |(94)|Telegram ID 102B8 received
W|23.07.2009 15:00:44:359 |44110|017   |(94)|017; : #44110, ApId 17 09/07/23 15:00:43.0, Reduced stand/table speed, (01110)Axl BackRst
T|23.07.2009 15:00:44:359 |     |243   |(94)|Telegram ID 102B8 received
W|23.07.2009 15:00:44:359 |45119|017   |(94)|017; : #45119, ApId 17 09/07/23 15:00:43.0, Reduced stand/table speed, (01119)Axl Backlog
T|23.07.2009 15:00:44:359 |     |243   |(94)|Telegram ID 102B8 received
W|23.07.2009 15:00:44:359 |45119|017   |(94)|017; : #45119, ApId 17 09/07/23 15:00:43.0, Reduced stand/table speed, (01119)Axl BackRst
T|23.07.2009 15:00:44:359 |     |243   |(94)|Telegram ID 102B8 received
W|23.07.2009 15:00:44:359 |00050|017   |(94)|017; : #50, ApId 17 09/07/23 15:00:43.0, Position error detected, (00050)axl Backlog
T|23.07.2009 15:00:44:359 |     |243   |(94)|Telegram ID 102B8 received
W|23.07.2009 15:00:44:359 |45110|017   |(94)|017; : #45110, ApId 17 09/07/23 15:00:43.0, Reduced stand/table speed, (01110)Axl Backlog
T|23.07.2009 15:00:44:375 |     |243   |(94)|Telegram ID 102B8 received
W|23.07.2009 15:00:44:375 |00050|017   |(94)|017; : #50, ApId 17 09/07/23 15:00:43.0, Position error detected, (00050)axl BackRst
T|23.07.2009 15:00:44:375 |     |243   |(94)|Telegram ID 102B8 received
W|23.07.2009 15:00:44:375 |45110|017   |(94)|017; : #45110, ApId 17 09/07/23 15:00:43.0, Reduced stand/table speed, (01110)Axl BackRst
T|23.07.2009 15:00:44:375 |     |243   |(94)|Telegram ID 102B8 received
W|23.07.2009 15:00:44:375 |46119|017   |(94)|017; : #46119, ApId 17 09/07/23 15:00:43.0, Reduced stand/table speed, (01119)Axl Backlog
T|23.07.2009 15:00:44:375 |     |243   |(94)|Telegram ID 102B8 received
W|23.07.2009 15:00:44:375 |46119|017   |(94)|017; : #46119, ApId 17 09/07/23 15:00:43.0, Reduced stand/table speed, (01119)Axl BackRst
T|23.07.2009 15:00:44:375 |     |243   |(94)|Telegram ID 102B8 received
W|23.07.2009 15:00:44:375 |00050|017   |(94)|017; : #50, ApId 17 09/07/23 15:00:43.0, Position error detected, (00050)axl Backlog
T|23.07.2009 15:00:44:375 |     |243   |(94)|Telegram ID 102B8 received
W|23.07.2009 15:00:44:375 |46110|017   |(94)|017; : #46110, ApId 17 09/07/23 15:00:43.0, Reduced stand/table speed, (01110)Axl Backlog
T|23.07.2009 15:00:44:375 |     |243   |(94)|Telegram ID 102B8 received
W|23.07.2009 15:00:44:375 |00050|017   |(94)|017; : #50, ApId 17 09/07/23 15:00:43.0, Position error detected, (00050)axl BackRst
T|23.07.2009 15:00:44:375 |     |243   |(94)|Telegram ID 102B8 received
W|23.07.2009 15:00:44:375 |46110|017   |(94)|017; : #46110, ApId 17 09/07/23 15:00:43.0, Reduced stand/table speed, (01110)Axl BackRst
T|23.07.2009 15:00:44:375 |     |243   |(94)|Telegram ID 102B8 received
W|23.07.2009 15:00:44:375 |41119|017   |(94)|017; : #41119, ApId 17 09/07/23 15:00:43.0, Reduced stand/table speed, (01119)Axl Backlog
T|23.07.2009 15:00:44:375 |     |243   |(94)|Telegram ID 102B8 received
W|23.07.2009 15:00:44:375 |41119|017   |(94)|017; : #41119, ApId 17 09/07/23 15:00:43.0, Reduced stand/table speed, (01119)Axl BackRst
T|23.07.2009 15:00:44:375 |     |243   |(94)|Telegram ID 102B8 received
W|23.07.2009 15:00:44:375 |00050|017   |(94)|017; : #50, ApId 17 09/07/23 15:00:43.0, Position error detected, (00050)axl Backlog
T|23.07.2009 15:00:44:375 |     |243   |(94)|Telegram ID 102B8 received
W|23.07.2009 15:00:44:375 |41110|017   |(94)|017; : #41110, ApId 17 09/07/23 15:00:43.0, Reduced stand/table speed, (01110)Axl Backlog
T|23.07.2009 15:00:44:375 |     |243   |(94)|Telegram ID 102B8 received
W|23.07.2009 15:00:44:375 |00050|017   |(94)|017; : #50, ApId 17 09/07/23 15:00:43.0, Position error detected, (00050)axl BackRst
T|23.07.2009 15:00:44:375 |     |243   |(94)|Telegram ID 102B8 received
W|23.07.2009 15:00:44:375 |41110|017   |(94)|017; : #41110, ApId 17 09/07/23 15:00:43.0, Reduced stand/table speed, (01110)Axl BackRst
T|23.07.2009 15:00:44:375 |     |243   |(94)|Telegram ID 102B8 received
W|23.07.2009 15:00:44:375 |00445|017   |(94)|017; : #445, ApId 17 09/07/23 15:00:43.0, Collision unit changed, (00445)|0, BackRst
T|23.07.2009 15:00:44:375 |     |243   |(94)|Telegram ID 102B8 received
W|23.07.2009 15:00:44:375 |00334|017   |(94)|017; : #334, ApId 17 09/07/23 15:00:43.0, Loss of position values, (00303)Los BackRst
T|23.07.2009 15:00:44:390 |     |243   |(94)|Telegram ID 102B8 received
W|23.07.2009 15:00:44:390 |00040|240   |(94)|240; : #40, ApId 240 09/07/23 15:00:43.0, ---- XCU boot completed ----, VB12A_010 Backlog
T|23.07.2009 15:00:44:390 |     |243   |(94)|Telegram ID 102B8 received
R|23.07.2009 15:00:44:390 |20614|080   |(94)|080; : #20614, ApId 80 09/07/23 15:00:44.0, During init the service-switch D611.S3  was ON., GE 7C 0000
T|23.07.2009 15:00:44:390 |     |243   |(94)|Telegram ID 25D received
I|23.07.2009 15:00:44:390 |     |240   |(94)|Telegram iANLBEREIT(19, 19) received
T|23.07.2009 15:00:44:390 |     |243   |(94)|Telegram ID 2B6 received
I|23.07.2009 15:00:44:390 |     |243   |(94)|Telegram iDFRALLGANZ2 processed
T|23.07.2009 15:00:44:390 |     |243   |(94)|Telegram ID 23 received
I|23.07.2009 15:00:44:390 |     |243   |(94)|Telegram iFEHLERANZ2 processed
R|23.07.2009 15:00:44:390 |20614|080   |(1bc)|080; XCU Err 20614 / 80: Service radiation switch (S3) active
T|23.07.2009 15:00:44:406 |     |243   |(94)|Telegram ID 2B6 received
I|23.07.2009 15:00:44:406 |     |243   |(94)|Telegram iDFRALLGANZ2 processed
T|23.07.2009 15:00:44:406 |     |243   |(94)|Telegram ID 23 received
I|23.07.2009 15:00:44:406 |     |243   |(94)|Telegram iFEHLERANZ2 processed
R|23.07.2009 15:00:44:406 |20614|080   |(1bc)|080; XCU Err 20614 / 80: Service radiation switch (S3) active
T|23.07.2009 15:00:44:468 |     |243   |(94)|Telegram ID 102B8 received
W|23.07.2009 15:00:44:468 |00004|225   |(94)|225; : #4, ApId 225 09/07/23 15:00:44.0, No function for telegram received, 
T|23.07.2009 15:00:46:125 |     |243   |(94)|Telegram ID 8C received
I|23.07.2009 15:00:46:125 |     |240   |(94)|iSYSTEMANZ: Table system selected
I|23.07.2009 15:00:46:125 |     |243   |(94)|i: iDFRStatus(2, 2) sent
I|23.07.2009 15:00:46:125 |     |243   |(94)|Telegram iSYSTEMANZ processed
T|23.07.2009 15:00:46:125 |     |243   |(94)|Telegram ID 29201 received
T|23.07.2009 15:00:46:140 |     |243   |(94)|Telegram ID A0 received
I|23.07.2009 15:00:46:140 |     |243   |(94)|Telegram iERWALLGANZ processed
T|23.07.2009 15:00:46:140 |     |243   |(94)|Telegram ID 333 received
I|23.07.2009 15:00:46:140 |     |243   |(94)|Telegram iRASTERANZ processed
T|23.07.2009 15:00:46:140 |     |243   |(94)|Telegram ID 2B5 received
I|23.07.2009 15:00:46:140 |     |243   |(94)|Telegram iFILTERANZ processed
T|23.07.2009 15:00:46:140 |     |243   |(94)|Telegram ID 7A received
I|23.07.2009 15:00:46:140 |     |243   |(94)|Telegram iTBANZ processed
T|23.07.2009 15:00:46:140 |     |243   |(94)|Telegram ID 26B received
I|23.07.2009 15:00:46:140 |     |243   |(94)|Telegram iBLENDEANZ processed
T|23.07.2009 15:00:46:140 |     |243   |(94)|Telegram ID 2B6 received
I|23.07.2009 15:00:46:140 |     |243   |(94)|Telegram iDFRALLGANZ2 processed
T|23.07.2009 15:00:46:156 |     |243   |(94)|Telegram ID 2B6 received
I|23.07.2009 15:00:46:156 |     |243   |(94)|Telegram iDFRALLGANZ2 processed
T|23.07.2009 15:00:48:625 |     |243   |(94)|Telegram ID 2B6 received
I|23.07.2009 15:00:48:625 |     |243   |(94)|Telegram iDFRALLGANZ2 processed
T|23.07.2009 15:00:51:109 |     |243   |(94)|Telegram ID 2B6 received
I|23.07.2009 15:00:51:109 |     |243   |(94)|Telegram iDFRALLGANZ2 processed
T|23.07.2009 15:00:53:593 |     |243   |(94)|Telegram ID 2B6 received
I|23.07.2009 15:00:53:593 |     |243   |(94)|Telegram iDFRALLGANZ2 processed
T|23.07.2009 15:00:56:078 |     |243   |(94)|Telegram ID 2B6 received
I|23.07.2009 15:00:56:078 |     |243   |(94)|Telegram iDFRALLGANZ2 processed
I|23.07.2009 15:00:57:984 |     |243   |(1bc)|FDR_GetFdTemperature(1) returned -32768
I|23.07.2009 15:00:58:000 |     |243   |(1bc)|FDR_GetFdTemperature(2) returned -32768
T|23.07.2009 15:00:58:562 |     |243   |(94)|Telegram ID 2B6 received
I|23.07.2009 15:00:58:562 |     |243   |(94)|Telegram iDFRALLGANZ2 processed
T|23.07.2009 15:01:01:062 |     |243   |(94)|Telegram ID 2B6 received
I|23.07.2009 15:01:01:062 |     |243   |(94)|Telegram iDFRALLGANZ2 processed
T|23.07.2009 15:01:03:578 |     |243   |(94)|Telegram ID 2B6 received
I|23.07.2009 15:01:03:578 |     |243   |(94)|Telegram iDFRALLGANZ2 processed
T|23.07.2009 15:01:06:093 |     |243   |(94)|Telegram ID 2B6 received
I|23.07.2009 15:01:06:093 |     |243   |(94)|Telegram iDFRALLGANZ2 processed
T|23.07.2009 15:01:08:593 |     |243   |(94)|Telegram ID 2B6 received
I|23.07.2009 15:01:08:593 |     |243   |(94)|Telegram iDFRALLGANZ2 processed
T|23.07.2009 15:01:11:093 |     |243   |(94)|Telegram ID 2B6 received
I|23.07.2009 15:01:11:093 |     |243   |(94)|Telegram iDFRALLGANZ2 processed
T|23.07.2009 15:01:13:593 |     |243   |(94)|Telegram ID 2B6 received
I|23.07.2009 15:01:13:593 |     |243   |(94)|Telegram iDFRALLGANZ2 processed
T|23.07.2009 15:01:16:093 |     |243   |(94)|Telegram ID 2B6 received
I|23.07.2009 15:01:16:093 |     |243   |(94)|Telegram iDFRALLGANZ2 processed
T|23.07.2009 15:01:18:593 |     |243   |(94)|Telegram ID 2B6 received
I|23.07.2009 15:01:18:593 |     |243   |(94)|Telegram iDFRALLGANZ2 processed
T|23.07.2009 15:01:21:093 |     |243   |(94)|Telegram ID 2B6 received
I|23.07.2009 15:01:21:093 |     |243   |(94)|Telegram iDFRALLGANZ2 processed
T|23.07.2009 15:01:23:593 |     |243   |(94)|Telegram ID 2B6 received
I|23.07.2009 15:01:23:593 |     |243   |(94)|Telegram iDFRALLGANZ2 processed
T|23.07.2009 15:01:26:093 |     |243   |(94)|Telegram ID 2B6 received
I|23.07.2009 15:01:26:093 |     |243   |(94)|Telegram iDFRALLGANZ2 processed
I|23.07.2009 15:01:27:984 |     |243   |(1bc)|FDR_GetFdTemperature(1) returned -32768
I|23.07.2009 15:01:27:984 |     |243   |(1bc)|FDR_GetFdTemperature(2) returned 299
T|23.07.2009 15:01:28:593 |     |243   |(94)|Telegram ID 2B6 received
I|23.07.2009 15:01:28:593 |     |243   |(94)|Telegram iDFRALLGANZ2 processed
T|23.07.2009 15:01:31:093 |     |243   |(94)|Telegram ID 2B6 received
I|23.07.2009 15:01:31:093 |     |243   |(94)|Telegram iDFRALLGANZ2 processed
T|23.07.2009 15:01:33:593 |     |243   |(94)|Telegram ID 2B6 received
I|23.07.2009 15:01:33:593 |     |243   |(94)|Telegram iDFRALLGANZ2 processed
T|23.07.2009 15:01:36:093 |     |243   |(94)|Telegram ID 2B6 received
I|23.07.2009 15:01:36:093 |     |243   |(94)|Telegram iDFRALLGANZ2 processed
T|23.07.2009 15:01:36:703 |     |243   |(94)|Telegram ID 25D received
I|23.07.2009 15:01:36:703 |     |240   |(94)|Telegram iANLBEREIT(5, 5) received
T|23.07.2009 15:01:36:718 |     |243   |(94)|Telegram ID 2B6 received
I|23.07.2009 15:01:36:718 |     |243   |(94)|Telegram iDFRALLGANZ2 processed
T|23.07.2009 15:01:36:718 |     |243   |(94)|Telegram ID 95 received
I|23.07.2009 15:01:36:718 |     |243   |(94)|Telegram sFANZLOESCHEN processed
I|23.07.2009 15:01:36:718 |     |243   |(1bc)|B: User acknowldge to XCU error/warning
I|23.07.2009 15:01:38:687 |     |243   |(1bc)|B: ServiceLogin
A|23.07.2009 15:01:38:687 |     |243   |(1bc)|FLCSRV; OpenLoginWindow: current access mode: 4 No Access
T|23.07.2009 15:01:39:218 |     |243   |(94)|Telegram ID 2B6 received
I|23.07.2009 15:01:39:218 |     |243   |(94)|Telegram iDFRALLGANZ2 processed
A|23.07.2009 15:01:39:312 |     |243   |(1bc)|FLCSRV; Going to Local Service
I|23.07.2009 15:01:39:312 |     |243   |(1bc)|FLCSRV; Automatic startup/close of "World Wide Web Publishing" and "Apache Tomcat"
I|23.07.2009 15:01:40:312 |     |243   |(1bc)|FLCSRV; Starting FLC-SSW explorer...
I|23.07.2009 15:01:41:187 |     |243   |(1bc)|FLCSRV; QueryInterface succeeded
I|23.07.2009 15:01:41:218 |     |243   |(1bc)|FLCSRV; Navigate succeeded
I|23.07.2009 15:01:41:234 |     |243   |(1bc)|FLCSRV; Waiting the log on...
T|23.07.2009 15:01:41:734 |     |243   |(94)|Telegram ID 2B6 received
I|23.07.2009 15:01:41:734 |     |243   |(94)|Telegram iDFRALLGANZ2 processed
T|23.07.2009 15:01:44:187 |     |243   |(94)|Telegram ID 2B6 received
I|23.07.2009 15:01:44:203 |     |243   |(94)|Telegram iDFRALLGANZ2 processed
T|23.07.2009 15:01:46:656 |     |243   |(94)|Telegram ID 2B6 received
I|23.07.2009 15:01:46:656 |     |243   |(94)|Telegram iDFRALLGANZ2 processed
T|23.07.2009 15:01:48:296 |     |243   |(94)|Telegram ID 2C9 received
I|23.07.2009 15:01:48:296 |     |243   |(94)|Telegram iSTATUSGENAUFN processed
T|23.07.2009 15:01:48:296 |     |243   |(94)|Telegram ID A0 received
I|23.07.2009 15:01:48:296 |     |243   |(94)|Telegram iERWALLGANZ processed
T|23.07.2009 15:01:48:312 |     |243   |(94)|Telegram ID A0 received
I|23.07.2009 15:01:48:312 |     |243   |(94)|Telegram iERWALLGANZ processed
T|23.07.2009 15:01:48:343 |     |243   |(94)|Telegram ID A0 received
I|23.07.2009 15:01:48:343 |     |243   |(94)|Telegram iERWALLGANZ processed
T|23.07.2009 15:01:48:359 |     |243   |(94)|Telegram ID 2B6 received
I|23.07.2009 15:01:48:359 |     |243   |(94)|Telegram iDFRALLGANZ2 processed
T|23.07.2009 15:01:48:375 |     |243   |(94)|Telegram ID 2B6 received
I|23.07.2009 15:01:48:375 |     |243   |(94)|Telegram iDFRALLGANZ2 processed
I|23.07.2009 15:01:48:953 |     |243   |(1bc)|FLCSRV; Authentication window out (correct password)
I|23.07.2009 15:01:50:156 |     |243   |(1bc)|B: Service
I|23.07.2009 15:01:50:265 |     |243   |(1bc)|94 images loaded Service
I|23.07.2009 15:01:50:281 |     |243   |(1bc)|B: Service tools
T|23.07.2009 15:01:50:281 |     |243   |(94)|Telegram ID 10F10 received
I|23.07.2009 15:01:50:281 |     |243   |(94)|Telegram iPASSWORT processed
A|23.07.2009 15:01:50:375 |     |243   |(1bc)|FLCSRV; User logged with level (technician) and mode (local). Configured Remote Access Mode (No Access)
I|23.07.2009 15:01:50:375 |     |243   |(1bc)|FLCSRV; Returning login message. 56350012 session ID created in registry
T|23.07.2009 15:01:50:562 |     |243   |(94)|Telegram ID 2B6 received
I|23.07.2009 15:01:50:562 |     |243   |(94)|Telegram iDFRALLGANZ2 processed
T|23.07.2009 15:01:53:015 |     |243   |(94)|Telegram ID 2B6 received
I|23.07.2009 15:01:53:015 |     |243   |(94)|Telegram iDFRALLGANZ2 processed
T|23.07.2009 15:01:55:468 |     |243   |(94)|Telegram ID 2B6 received
I|23.07.2009 15:01:55:468 |     |243   |(94)|Telegram iDFRALLGANZ2 processed
T|23.07.2009 15:01:57:921 |     |243   |(94)|Telegram ID 2B6 received
I|23.07.2009 15:01:57:921 |     |243   |(94)|Telegram iDFRALLGANZ2 processed
I|23.07.2009 15:01:57:984 |     |243   |(1bc)|FDR_GetFdTemperature(1) returned 332
I|23.07.2009 15:01:57:984 |     |243   |(1bc)|FDR_GetFdTemperature(2) returned 300
T|23.07.2009 15:02:00:375 |     |243   |(94)|Telegram ID 2B6 received
I|23.07.2009 15:02:00:375 |     |243   |(94)|Telegram iDFRALLGANZ2 processed
T|23.07.2009 15:02:02:828 |     |243   |(94)|Telegram ID 2B6 received
I|23.07.2009 15:02:02:828 |     |243   |(94)|Telegram iDFRALLGANZ2 processed
I|23.07.2009 15:02:03:328 |     |243   |(f8)|FDR_WaitCondStatusChanged returned 20
I|23.07.2009 15:02:03:406 |     |243   |(f8)|FDR_GetAcqState returned 0
I|23.07.2009 15:02:03:406 |     |243   |(f8)|i: iDFRStatus(4, 4) sent
I|23.07.2009 15:02:03:406 |     |243   |(f8)|Image chain status: 0, 0 (0), 0 (0), B: , W: 
T|23.07.2009 15:02:03:406 |     |243   |(94)|Telegram ID 2B6 received
I|23.07.2009 15:02:03:406 |     |243   |(94)|Telegram iDFRALLGANZ2 processed
T|23.07.2009 15:02:05:859 |     |243   |(94)|Telegram ID 2B6 received
I|23.07.2009 15:02:05:859 |     |243   |(94)|Telegram iDFRALLGANZ2 processed
T|23.07.2009 15:02:07:187 |     |240   |(e8)|Telegram ID 29202 received
T|23.07.2009 15:02:07:187 |     |243   |(94)|Telegram ID 29202 received
I|23.07.2009 15:02:07:187 |     |243   |(e8)|Telegram TURNON from ApId 61 to ApId 10 (4 objects) processed
I|23.07.2009 15:02:07:187 |     |243   |(94)|Telegram TURNON from ApId 61 to ApId F3 (4 objects) processed
T|23.07.2009 15:02:08:312 |     |243   |(94)|Telegram ID 2B6 received
I|23.07.2009 15:02:08:312 |     |243   |(94)|Telegram iDFRALLGANZ2 processed
T|23.07.2009 15:02:10:765 |     |243   |(94)|Telegram ID 2B6 received
I|23.07.2009 15:02:10:765 |     |243   |(94)|Telegram iDFRALLGANZ2 processed
T|23.07.2009 15:02:13:234 |     |243   |(94)|Telegram ID 2B6 received
I|23.07.2009 15:02:13:234 |     |243   |(94)|Telegram iDFRALLGANZ2 processed
I|23.07.2009 15:02:15:078 |     |243   |(f8)|FDR_WaitCondStatusChanged returned 40
I|23.07.2009 15:02:15:078 |     |243   |(f8)|FDR_GetDetectorState(1) returned 1000F
I|23.07.2009 15:02:15:093 |     |243   |(f8)|FDR_GetFdOperatingState(1) returned 0
I|23.07.2009 15:02:15:093 |     |243   |(f8)|Image chain status: 0, 0 (0), 0 (0), B: , W: 
I|23.07.2009 15:02:15:109 |     |243   |(f8)|FDR_WaitCondStatusChanged returned A4
I|23.07.2009 15:02:15:109 |     |243   |(f8)|FDR_GetDetectorState(2) returned 1E007
I|23.07.2009 15:02:15:125 |     |243   |(f8)|FDR_GetGridInfo(2) returned 0
I|23.07.2009 15:02:15:125 |     |243   |(f8)|FDR_GetFdEnergyStatus(2) returned SA
I|23.07.2009 15:02:15:140 |     |243   |(f8)|FDR_GetFdEnergyStatus(2) returned 095123287
I|23.07.2009 15:02:15:140 |     |243   |(f8)|FDR_GetWLANStatus(2) returned 02G0110314
I|23.07.2009 15:02:15:156 |     |243   |(f8)|FDR_GetFdOperatingState(2) returned 0
I|23.07.2009 15:02:15:156 |     |243   |(f8)|Image chain status: 0, 0 (0), 0 (0), B: 095123287, W: 02G0110314
I|23.07.2009 15:02:15:156 |     |243   |(f8)|FDR_GetTomoState returned 0
I|23.07.2009 15:02:15:156 |     |243   |(f8)|FDR_GetAcqState returned 8
I|23.07.2009 15:02:15:156 |     |243   |(f8)|Image chain status: 8, 0 (0), 0 (0), B: 095123287, W: 02G0110314
I|23.07.2009 15:02:15:437 |     |243   |(7d0)|LCPU ready
T|23.07.2009 15:02:15:750 |     |243   |(94)|Telegram ID 2B6 received
I|23.07.2009 15:02:15:750 |     |243   |(94)|Telegram iDFRALLGANZ2 processed
I|23.07.2009 15:02:17:437 |     |243   |(7d0)|FDR_GetFdTemperature(1) returned 331
I|23.07.2009 15:02:17:453 |     |243   |(7d0)|FDR_GetFdTemperature(2) returned 299
I|23.07.2009 15:02:17:484 |     |243   |(f8)|FDR_WaitCondStatusChanged returned 20
I|23.07.2009 15:02:17:515 |     |243   |(f8)|FDR_GetAcqState returned A
I|23.07.2009 15:02:17:515 |     |243   |(f8)|Image chain status: A, 0 (0), 0 (0), B: 095123287, W: 02G0110314
I|23.07.2009 15:02:17:703 |     |243   |(7d0)|FDR_SetHostInfo(status 255, mode 255, kV range 65535, tx_min 65535, Stop act. 1, Grant 255)
I|23.07.2009 15:02:17:890 |     |243   |(1bc)|FDR_SetHostInfo returned DLL_DRIVER_BUSY. Retry ...
I|23.07.2009 15:02:17:984 |     |243   |(7d0)|Detector 2 type 16602624, SN SN0919E8, boot count 20, life time 172, HwType HT00.00, SwConfig SW61753660G
I|23.07.2009 15:02:18:093 |     |243   |(1bc)|FDR_SetHostInfo returned DLL_DRIVER_BUSY. Retry ...
I|23.07.2009 15:02:18:203 |     |243   |(7d0)|Detector 2 type 16602624, SN SN0919E8, boot count 20, life time 172, HwType HT00.00, SwConfig SW61753660G
T|23.07.2009 15:02:18:265 |     |243   |(94)|Telegram ID 2B6 received
I|23.07.2009 15:02:18:265 |     |243   |(94)|Telegram iDFRALLGANZ2 processed
I|23.07.2009 15:02:18:375 |     |243   |(1bc)|FDR_SetHostInfo(status 0, mode 3, kV range 65535, tx_min 65535, Stop act. 255, Grant 255)
I|23.07.2009 15:02:18:375 |     |243   |(f8)|FDR_WaitCondStatusChanged returned 20
I|23.07.2009 15:02:18:375 |     |243   |(7d0)|Detector 1 type 16602624, SN SN0921B4       , boot count 30, life time 195, HwType HT03.00        , SwConfig SW62147839-    
I|23.07.2009 15:02:18:390 |     |243   |(f8)|FDR_GetAcqState returned A
I|23.07.2009 15:02:18:390 |     |243   |(f8)|Image chain status: A, 0 (0), 0 (0), B: 095, W: 02G0110314
I|23.07.2009 15:02:18:453 |     |243   |(7d0)|FDR_SetHostInfo(status 255, mode 255, kV range 65535, tx_min 65535, Stop act. 0, Grant 255)
W|23.07.2009 15:02:18:453 |     |243   |(7d0)|VIDEO ; non fatal error: FDR_GetLcpuLog not called
I|23.07.2009 15:02:18:500 |     |243   |(7d0)|FDR-5k DLLversion: 5.2.1.1f
I|23.07.2009 15:02:18:500 |     |243   |(7d0)|FDR-5k DRV version: 5.2.1.1f
I|23.07.2009 15:02:18:500 |     |243   |(7d0)|DIPP      : B00J, LCPU      : B00W, DSP       : B00B, FDR_5K    : 33
I|23.07.2009 15:02:18:500 |     |243   |(888)|RegulationLoop thread started
T|23.07.2009 15:02:20:781 |     |243   |(94)|Telegram ID 2B6 received
I|23.07.2009 15:02:20:781 |     |243   |(94)|Telegram iDFRALLGANZ2 processed
T|23.07.2009 15:02:23:343 |     |243   |(94)|Telegram ID 2B6 received
I|23.07.2009 15:02:23:343 |     |243   |(94)|Telegram iDFRALLGANZ2 processed
T|23.07.2009 15:02:25:890 |     |243   |(94)|Telegram ID 2B6 received
I|23.07.2009 15:02:25:890 |     |243   |(94)|Telegram iDFRALLGANZ2 processed
I|23.07.2009 15:02:27:984 |     |243   |(1bc)|FDR_GetFdTemperature(1) returned 332
I|23.07.2009 15:02:27:984 |     |243   |(1bc)|FDR_GetFdTemperature(2) returned 299
T|23.07.2009 15:02:28:437 |     |243   |(94)|Telegram ID 2B6 received
I|23.07.2009 15:02:28:437 |     |243   |(94)|Telegram iDFRALLGANZ2 processed
T|23.07.2009 15:02:31:000 |     |243   |(94)|Telegram ID 2B6 received
I|23.07.2009 15:02:31:000 |     |243   |(94)|Telegram iDFRALLGANZ2 processed
T|23.07.2009 15:02:33:546 |     |243   |(94)|Telegram ID 2B6 received
I|23.07.2009 15:02:33:546 |     |243   |(94)|Telegram iDFRALLGANZ2 processed
T|23.07.2009 15:02:36:093 |     |243   |(94)|Telegram ID 2B6 received
I|23.07.2009 15:02:36:093 |     |243   |(94)|Telegram iDFRALLGANZ2 processed
T|23.07.2009 15:02:38:656 |     |243   |(94)|Telegram ID 2B6 received
I|23.07.2009 15:02:38:656 |     |243   |(94)|Telegram iDFRALLGANZ2 processed
T|23.07.2009 15:02:41:203 |     |243   |(94)|Telegram ID 2B6 received
I|23.07.2009 15:02:41:203 |     |243   |(94)|Telegram iDFRALLGANZ2 processed
T|23.07.2009 15:02:43:750 |     |243   |(94)|Telegram ID 2B6 received
I|23.07.2009 15:02:43:750 |     |243   |(94)|Telegram iDFRALLGANZ2 processed
T|23.07.2009 15:02:46:296 |     |243   |(94)|Telegram ID 2B6 received
I|23.07.2009 15:02:46:296 |     |243   |(94)|Telegram iDFRALLGANZ2 processed
T|23.07.2009 15:02:48:859 |     |243   |(94)|Telegram ID 2B6 received
I|23.07.2009 15:02:48:859 |     |243   |(94)|Telegram iDFRALLGANZ2 processed
T|23.07.2009 15:02:51:390 |     |243   |(94)|Telegram ID 2B6 received
I|23.07.2009 15:02:51:390 |     |243   |(94)|Telegram iDFRALLGANZ2 processed
T|23.07.2009 15:02:53:734 |     |240   |(e8)|Telegram ID 29203 received
T|23.07.2009 15:02:53:734 |     |243   |(94)|Telegram ID 29203 received
T|23.07.2009 15:02:53:750 |     |243   |(94)|Telegram ID 2B5 received
I|23.07.2009 15:02:53:750 |     |243   |(94)|Telegram iFILTERANZ processed
T|23.07.2009 15:02:53:890 |     |243   |(94)|Telegram ID 2B6 received
I|23.07.2009 15:02:53:890 |     |243   |(94)|Telegram iDFRALLGANZ2 processed
T|23.07.2009 15:02:56:421 |     |243   |(94)|Telegram ID 2B6 received
I|23.07.2009 15:02:56:421 |     |243   |(94)|Telegram iDFRALLGANZ2 processed
I|23.07.2009 15:02:58:000 |     |243   |(1bc)|FDR_GetFdTemperature(1) returned 332
I|23.07.2009 15:02:58:000 |     |243   |(1bc)|FDR_GetFdTemperature(2) returned 300
T|23.07.2009 15:02:58:890 |     |243   |(94)|Telegram ID 2B6 received
I|23.07.2009 15:02:58:890 |     |243   |(94)|Telegram iDFRALLGANZ2 processed
T|23.07.2009 15:03:01:375 |     |243   |(94)|Telegram ID 2B6 received
I|23.07.2009 15:03:01:375 |     |243   |(94)|Telegram iDFRALLGANZ2 processed
T|23.07.2009 15:03:03:859 |     |243   |(94)|Telegram ID 2B6 received
I|23.07.2009 15:03:03:859 |     |243   |(94)|Telegram iDFRALLGANZ2 processed
T|23.07.2009 15:03:06:343 |     |243   |(94)|Telegram ID 2B6 received
I|23.07.2009 15:03:06:343 |     |243   |(94)|Telegram iDFRALLGANZ2 processed
T|23.07.2009 15:03:08:828 |     |243   |(94)|Telegram ID 2B6 received
I|23.07.2009 15:03:08:828 |     |243   |(94)|Telegram iDFRALLGANZ2 processed
T|23.07.2009 15:03:11:312 |     |243   |(94)|Telegram ID 2B6 received
I|23.07.2009 15:03:11:312 |     |243   |(94)|Telegram iDFRALLGANZ2 processed
T|23.07.2009 15:03:13:796 |     |243   |(94)|Telegram ID 2B6 received
I|23.07.2009 15:03:13:796 |     |243   |(94)|Telegram iDFRALLGANZ2 processed
T|23.07.2009 15:03:16:281 |     |243   |(94)|Telegram ID 2B6 received
I|23.07.2009 15:03:16:281 |     |243   |(94)|Telegram iDFRALLGANZ2 processed
I|23.07.2009 15:03:18:218 |     |243   |(f8)|FDR_WaitCondStatusChanged returned 80
I|23.07.2009 15:03:18:218 |     |243   |(f8)|FDR_GetDetectorState(2) returned 2007
I|23.07.2009 15:03:18:234 |     |243   |(f8)|FDR_GetWLANStatus(2) returned 02G0110315
I|23.07.2009 15:03:18:234 |     |243   |(f8)|Image chain status: A, 0 (0), 0 (0), B: 095, W: 02G0110315
T|23.07.2009 15:03:18:765 |     |243   |(94)|Telegram ID 2B6 received
I|23.07.2009 15:03:18:765 |     |243   |(94)|Telegram iDFRALLGANZ2 processed
I|23.07.2009 15:03:18:875 |     |243   |(f8)|FDR_WaitCondStatusChanged returned 80
I|23.07.2009 15:03:18:875 |     |243   |(f8)|FDR_GetDetectorState(2) returned 2007
I|23.07.2009 15:03:18:875 |     |243   |(f8)|FDR_GetWLANStatus(2) returned 02G0110314
I|23.07.2009 15:03:18:875 |     |243   |(f8)|Image chain status: A, 0 (0), 0 (0), B: 095, W: 02G0110314
T|23.07.2009 15:03:21:250 |     |243   |(94)|Telegram ID 2B6 received
I|23.07.2009 15:03:21:250 |     |243   |(94)|Telegram iDFRALLGANZ2 processed
T|23.07.2009 15:03:23:734 |     |243   |(94)|Telegram ID 2B6 received
I|23.07.2009 15:03:23:734 |     |243   |(94)|Telegram iDFRALLGANZ2 processed
T|23.07.2009 15:03:26:218 |     |243   |(94)|Telegram ID 2B6 received
I|23.07.2009 15:03:26:218 |     |243   |(94)|Telegram iDFRALLGANZ2 processed
I|23.07.2009 15:03:28:000 |     |243   |(1bc)|FDR_GetFdTemperature(1) returned 332
I|23.07.2009 15:03:28:000 |     |243   |(1bc)|FDR_GetFdTemperature(2) returned 300
T|23.07.2009 15:03:28:734 |     |243   |(94)|Telegram ID 2B6 received
I|23.07.2009 15:03:28:734 |     |243   |(94)|Telegram iDFRALLGANZ2 processed
I|23.07.2009 15:03:28:937 |     |243   |(1bc)|USB media or USB recorder plugged in
T|23.07.2009 15:03:31:234 |     |243   |(94)|Telegram ID 2B6 received
I|23.07.2009 15:03:31:234 |     |243   |(94)|Telegram iDFRALLGANZ2 processed
T|23.07.2009 15:03:33:734 |     |243   |(94)|Telegram ID 2B6 received
I|23.07.2009 15:03:33:734 |     |243   |(94)|Telegram iDFRALLGANZ2 processed
T|23.07.2009 15:03:36:203 |     |243   |(94)|Telegram ID 2B6 received
I|23.07.2009 15:03:36:203 |     |243   |(94)|Telegram iDFRALLGANZ2 processed
T|23.07.2009 15:03:38:656 |     |243   |(94)|Telegram ID 2B6 received
I|23.07.2009 15:03:38:656 |     |243   |(94)|Telegram iDFRALLGANZ2 processed
T|23.07.2009 15:03:41:109 |     |243   |(94)|Telegram ID 2B6 received
I|23.07.2009 15:03:41:109 |     |243   |(94)|Telegram iDFRALLGANZ2 processed
T|23.07.2009 15:03:43:578 |     |243   |(94)|Telegram ID 2B6 received
I|23.07.2009 15:03:43:578 |     |243   |(94)|Telegram iDFRALLGANZ2 processed
T|23.07.2009 15:03:46:031 |     |243   |(94)|Telegram ID 2B6 received
I|23.07.2009 15:03:46:031 |     |243   |(94)|Telegram iDFRALLGANZ2 processed
T|23.07.2009 15:03:48:484 |     |243   |(94)|Telegram ID 2B6 received
I|23.07.2009 15:03:48:484 |     |243   |(94)|Telegram iDFRALLGANZ2 processed
T|23.07.2009 15:03:50:953 |     |243   |(94)|Telegram ID 2B6 received
I|23.07.2009 15:03:50:953 |     |243   |(94)|Telegram iDFRALLGANZ2 processed
T|23.07.2009 15:03:53:406 |     |243   |(94)|Telegram ID 2B6 received
I|23.07.2009 15:03:53:406 |     |243   |(94)|Telegram iDFRALLGANZ2 processed
T|23.07.2009 15:03:55:859 |     |243   |(94)|Telegram ID 2B6 received
I|23.07.2009 15:03:55:859 |     |243   |(94)|Telegram iDFRALLGANZ2 processed
I|23.07.2009 15:03:58:000 |     |243   |(1bc)|FDR_GetFdTemperature(1) returned 332
I|23.07.2009 15:03:58:000 |     |243   |(1bc)|FDR_GetFdTemperature(2) returned 300
T|23.07.2009 15:03:58:328 |     |243   |(94)|Telegram ID 2B6 received
I|23.07.2009 15:03:58:328 |     |243   |(94)|Telegram iDFRALLGANZ2 processed
T|23.07.2009 15:03:59:781 |     |243   |(94)|Telegram ID 7D received
I|23.07.2009 15:03:59:781 |     |243   |(94)|Telegram iROEANZ processed
T|23.07.2009 15:04:00:781 |     |243   |(94)|Telegram ID 2B6 received
I|23.07.2009 15:04:00:781 |     |243   |(94)|Telegram iDFRALLGANZ2 processed
T|23.07.2009 15:04:03:234 |     |243   |(94)|Telegram ID 2B6 received
I|23.07.2009 15:04:03:234 |     |243   |(94)|Telegram iDFRALLGANZ2 processed
T|23.07.2009 15:04:05:750 |     |243   |(94)|Telegram ID 2B6 received
I|23.07.2009 15:04:05:750 |     |243   |(94)|Telegram iDFRALLGANZ2 processed
T|23.07.2009 15:04:08:250 |     |243   |(94)|Telegram ID 2B6 received
I|23.07.2009 15:04:08:250 |     |243   |(94)|Telegram iDFRALLGANZ2 processed
T|23.07.2009 15:04:10:765 |     |243   |(94)|Telegram ID 2B6 received
I|23.07.2009 15:04:10:765 |     |243   |(94)|Telegram iDFRALLGANZ2 processed
T|23.07.2009 15:04:13:265 |     |243   |(94)|Telegram ID 2B6 received
I|23.07.2009 15:04:13:265 |     |243   |(94)|Telegram iDFRALLGANZ2 processed
T|23.07.2009 15:04:15:765 |     |243   |(94)|Telegram ID 2B6 received
I|23.07.2009 15:04:15:765 |     |243   |(94)|Telegram iDFRALLGANZ2 processed
T|23.07.2009 15:04:18:265 |     |243   |(94)|Telegram ID 2B6 received
I|23.07.2009 15:04:18:265 |     |243   |(94)|Telegram iDFRALLGANZ2 processed
T|23.07.2009 15:04:20:765 |     |243   |(94)|Telegram ID 2B6 received
I|23.07.2009 15:04:20:765 |     |243   |(94)|Telegram iDFRALLGANZ2 processed
I|23.07.2009 15:04:22:546 |     |243   |(f8)|FDR_WaitCondStatusChanged returned 80
I|23.07.2009 15:04:22:546 |     |243   |(f8)|FDR_GetDetectorState(2) returned 2007
I|23.07.2009 15:04:22:546 |     |243   |(f8)|FDR_GetWLANStatus(2) returned 02G0110315
I|23.07.2009 15:04:22:546 |     |243   |(f8)|Image chain status: A, 0 (0), 0 (0), B: 095, W: 02G0110315
I|23.07.2009 15:04:22:765 |     |243   |(f8)|FDR_WaitCondStatusChanged returned 80
I|23.07.2009 15:04:22:765 |     |243   |(f8)|FDR_GetDetectorState(2) returned 2007
I|23.07.2009 15:04:22:765 |     |243   |(f8)|FDR_GetWLANStatus(2) returned 02G0110314
I|23.07.2009 15:04:22:765 |     |243   |(f8)|Image chain status: A, 0 (0), 0 (0), B: 095, W: 02G0110314
I|23.07.2009 15:04:22:984 |     |243   |(f8)|FDR_WaitCondStatusChanged returned 80
I|23.07.2009 15:04:22:984 |     |243   |(f8)|FDR_GetDetectorState(2) returned 2007
I|23.07.2009 15:04:23:000 |     |243   |(f8)|FDR_GetWLANStatus(2) returned 02G0110315
I|23.07.2009 15:04:23:000 |     |243   |(f8)|Image chain status: A, 0 (0), 0 (0), B: 095, W: 02G0110315
I|23.07.2009 15:04:23:203 |     |243   |(f8)|FDR_WaitCondStatusChanged returned 80
I|23.07.2009 15:04:23:218 |     |243   |(f8)|FDR_GetDetectorState(2) returned 2007
I|23.07.2009 15:04:23:218 |     |243   |(f8)|FDR_GetWLANStatus(2) returned 02G0110314
I|23.07.2009 15:04:23:218 |     |243   |(f8)|Image chain status: A, 0 (0), 0 (0), B: 095, W: 02G0110314
T|23.07.2009 15:04:23:265 |     |243   |(94)|Telegram ID 2B6 received
I|23.07.2009 15:04:23:265 |     |243   |(94)|Telegram iDFRALLGANZ2 processed
I|23.07.2009 15:04:24:609 |     |243   |(f8)|FDR_WaitCondStatusChanged returned 80
I|23.07.2009 15:04:24:671 |     |243   |(f8)|FDR_GetDetectorState(2) returned 2007
I|23.07.2009 15:04:24:781 |     |243   |(f8)|FDR_GetWLANStatus(2) returned 02G0110314
I|23.07.2009 15:04:24:781 |     |243   |(f8)|Image chain status: A, 0 (0), 0 (0), B: 095, W: 02G0110314
I|23.07.2009 15:04:24:812 |     |243   |(f8)|FDR_WaitCondStatusChanged returned 80
I|23.07.2009 15:04:24:812 |     |243   |(f8)|FDR_GetDetectorState(2) returned 2007
I|23.07.2009 15:04:24:828 |     |243   |(f8)|FDR_GetWLANStatus(2) returned 02G0110314
I|23.07.2009 15:04:24:828 |     |243   |(f8)|Image chain status: A, 0 (0), 0 (0), B: 095, W: 02G0110314
I|23.07.2009 15:04:25:000 |     |243   |(f8)|FDR_WaitCondStatusChanged returned 80
I|23.07.2009 15:04:25:000 |     |243   |(f8)|FDR_GetDetectorState(2) returned 2007
I|23.07.2009 15:04:25:000 |     |243   |(f8)|FDR_GetWLANStatus(2) returned 02G0110315
I|23.07.2009 15:04:25:000 |     |243   |(f8)|Image chain status: A, 0 (0), 0 (0), B: 095, W: 02G0110315
I|23.07.2009 15:04:25:359 |     |243   |(f8)|FDR_WaitCondStatusChanged returned 80
I|23.07.2009 15:04:25:359 |     |243   |(f8)|FDR_GetDetectorState(2) returned 2007
I|23.07.2009 15:04:25:375 |     |243   |(f8)|FDR_GetWLANStatus(2) returned 02G0110314
I|23.07.2009 15:04:25:375 |     |243   |(f8)|Image chain status: A, 0 (0), 0 (0), B: 095, W: 02G0110314
T|23.07.2009 15:04:25:765 |     |243   |(94)|Telegram ID 2B6 received
I|23.07.2009 15:04:25:765 |     |243   |(94)|Telegram iDFRALLGANZ2 processed
I|23.07.2009 15:04:26:640 |     |243   |(f8)|FDR_WaitCondStatusChanged returned 80
I|23.07.2009 15:04:26:640 |     |243   |(f8)|FDR_GetDetectorState(2) returned 2007
I|23.07.2009 15:04:26:656 |     |243   |(f8)|FDR_GetWLANStatus(2) returned 02G0110315
I|23.07.2009 15:04:26:656 |     |243   |(f8)|Image chain status: A, 0 (0), 0 (0), B: 095, W: 02G0110315
I|23.07.2009 15:04:27:500 |     |243   |(f8)|FDR_WaitCondStatusChanged returned 80
I|23.07.2009 15:04:27:500 |     |243   |(f8)|FDR_GetDetectorState(2) returned 2007
I|23.07.2009 15:04:27:515 |     |243   |(f8)|FDR_GetWLANStatus(2) returned 02G0110314
I|23.07.2009 15:04:27:515 |     |243   |(f8)|Image chain status: A, 0 (0), 0 (0), B: 095, W: 02G0110314
I|23.07.2009 15:04:28:000 |     |243   |(1bc)|FDR_GetFdTemperature(1) returned 332
I|23.07.2009 15:04:28:000 |     |243   |(1bc)|FDR_GetFdTemperature(2) returned 300
I|23.07.2009 15:04:28:156 |     |243   |(f8)|FDR_WaitCondStatusChanged returned 80
I|23.07.2009 15:04:28:156 |     |243   |(f8)|FDR_GetDetectorState(2) returned 2007
I|23.07.2009 15:04:28:156 |     |243   |(f8)|FDR_GetWLANStatus(2) returned 02G0110315
I|23.07.2009 15:04:28:156 |     |243   |(f8)|Image chain status: A, 0 (0), 0 (0), B: 095, W: 02G0110315
T|23.07.2009 15:04:28:265 |     |243   |(94)|Telegram ID 2B6 received
I|23.07.2009 15:04:28:265 |     |243   |(94)|Telegram iDFRALLGANZ2 processed
I|23.07.2009 15:04:28:375 |     |243   |(f8)|FDR_WaitCondStatusChanged returned 80
I|23.07.2009 15:04:28:375 |     |243   |(f8)|FDR_GetDetectorState(2) returned 2007
I|23.07.2009 15:04:28:390 |     |243   |(f8)|FDR_GetWLANStatus(2) returned 02G0110314
I|23.07.2009 15:04:28:390 |     |243   |(f8)|Image chain status: A, 0 (0), 0 (0), B: 095, W: 02G0110314
I|23.07.2009 15:04:28:593 |     |243   |(f8)|FDR_WaitCondStatusChanged returned 80
I|23.07.2009 15:04:28:609 |     |243   |(f8)|FDR_GetDetectorState(2) returned 2007
I|23.07.2009 15:04:28:609 |     |243   |(f8)|FDR_GetWLANStatus(2) returned 02G0110315
I|23.07.2009 15:04:28:609 |     |243   |(f8)|Image chain status: A, 0 (0), 0 (0), B: 095, W: 02G0110315
I|23.07.2009 15:04:28:812 |     |243   |(f8)|FDR_WaitCondStatusChanged returned 80
I|23.07.2009 15:04:28:828 |     |243   |(f8)|FDR_GetDetectorState(2) returned 2007
I|23.07.2009 15:04:28:828 |     |243   |(f8)|FDR_GetWLANStatus(2) returned 02G0110314
I|23.07.2009 15:04:28:828 |     |243   |(f8)|Image chain status: A, 0 (0), 0 (0), B: 095, W: 02G0110314
I|23.07.2009 15:04:30:296 |     |243   |(f8)|FDR_WaitCondStatusChanged returned 80
I|23.07.2009 15:04:30:296 |     |243   |(f8)|FDR_GetDetectorState(2) returned 2007
I|23.07.2009 15:04:30:312 |     |243   |(f8)|FDR_GetWLANStatus(2) returned 02G0110315
I|23.07.2009 15:04:30:312 |     |243   |(f8)|Image chain status: A, 0 (0), 0 (0), B: 095, W: 02G0110315
I|23.07.2009 15:04:30:515 |     |243   |(f8)|FDR_WaitCondStatusChanged returned 80
I|23.07.2009 15:04:30:515 |     |243   |(f8)|FDR_GetDetectorState(2) returned 2007
I|23.07.2009 15:04:30:531 |     |243   |(f8)|FDR_GetWLANStatus(2) returned 02G0110314
I|23.07.2009 15:04:30:531 |     |243   |(f8)|Image chain status: A, 0 (0), 0 (0), B: 095, W: 02G0110314
T|23.07.2009 15:04:30:765 |     |243   |(94)|Telegram ID 2B6 received
I|23.07.2009 15:04:30:765 |     |243   |(94)|Telegram iDFRALLGANZ2 processed
I|23.07.2009 15:04:32:234 |     |243   |(f8)|FDR_WaitCondStatusChanged returned 80
I|23.07.2009 15:04:32:234 |     |243   |(f8)|FDR_GetDetectorState(2) returned 2007
I|23.07.2009 15:04:32:250 |     |243   |(f8)|FDR_GetWLANStatus(2) returned 02G0110315
I|23.07.2009 15:04:32:250 |     |243   |(f8)|Image chain status: A, 0 (0), 0 (0), B: 095, W: 02G0110315
I|23.07.2009 15:04:32:671 |     |243   |(f8)|FDR_WaitCondStatusChanged returned 80
I|23.07.2009 15:04:32:671 |     |243   |(f8)|FDR_GetDetectorState(2) returned 2007
I|23.07.2009 15:04:32:687 |     |243   |(f8)|FDR_GetWLANStatus(2) returned 02G0110314
I|23.07.2009 15:04:32:687 |     |243   |(f8)|Image chain status: A, 0 (0), 0 (0), B: 095, W: 02G0110314
T|23.07.2009 15:04:33:265 |     |243   |(94)|Telegram ID 2B6 received
I|23.07.2009 15:04:33:265 |     |243   |(94)|Telegram iDFRALLGANZ2 processed
I|23.07.2009 15:04:33:312 |     |243   |(f8)|FDR_WaitCondStatusChanged returned 80
I|23.07.2009 15:04:33:312 |     |243   |(f8)|FDR_GetDetectorState(2) returned 2007
I|23.07.2009 15:04:33:328 |     |243   |(f8)|FDR_GetWLANStatus(2) returned 02G0110315
I|23.07.2009 15:04:33:328 |     |243   |(f8)|Image chain status: A, 0 (0), 0 (0), B: 095, W: 02G0110315
I|23.07.2009 15:04:33:531 |     |243   |(f8)|FDR_WaitCondStatusChanged returned 80
I|23.07.2009 15:04:33:531 |     |243   |(f8)|FDR_GetDetectorState(2) returned 2007
I|23.07.2009 15:04:33:546 |     |243   |(f8)|FDR_GetWLANStatus(2) returned 02G0110314
I|23.07.2009 15:04:33:546 |     |243   |(f8)|Image chain status: A, 0 (0), 0 (0), B: 095, W: 02G0110314
I|23.07.2009 15:04:33:968 |     |243   |(f8)|FDR_WaitCondStatusChanged returned 80
I|23.07.2009 15:04:33:968 |     |243   |(f8)|FDR_GetDetectorState(2) returned 2007
I|23.07.2009 15:04:33:984 |     |243   |(f8)|FDR_GetWLANStatus(2) returned 02G0110315
I|23.07.2009 15:04:33:984 |     |243   |(f8)|Image chain status: A, 0 (0), 0 (0), B: 095, W: 02G0110315
I|23.07.2009 15:04:34:187 |     |243   |(f8)|FDR_WaitCondStatusChanged returned 80
I|23.07.2009 15:04:34:187 |     |243   |(f8)|FDR_GetDetectorState(2) returned 2007
I|23.07.2009 15:04:34:203 |     |243   |(f8)|FDR_GetWLANStatus(2) returned 02G0110314
I|23.07.2009 15:04:34:203 |     |243   |(f8)|Image chain status: A, 0 (0), 0 (0), B: 095, W: 02G0110314
T|23.07.2009 15:04:35:765 |     |243   |(94)|Telegram ID 2B6 received
I|23.07.2009 15:04:35:765 |     |243   |(94)|Telegram iDFRALLGANZ2 processed
T|23.07.2009 15:04:38:265 |     |243   |(94)|Telegram ID 2B6 received
I|23.07.2009 15:04:38:265 |     |243   |(94)|Telegram iDFRALLGANZ2 processed
T|23.07.2009 15:04:40:765 |     |243   |(94)|Telegram ID 2B6 received
I|23.07.2009 15:04:40:765 |     |243   |(94)|Telegram iDFRALLGANZ2 processed
T|23.07.2009 15:04:43:281 |     |243   |(94)|Telegram ID 2B6 received
I|23.07.2009 15:04:43:281 |     |243   |(94)|Telegram iDFRALLGANZ2 processed
T|23.07.2009 15:04:45:781 |     |243   |(94)|Telegram ID 2B6 received
I|23.07.2009 15:04:45:781 |     |243   |(94)|Telegram iDFRALLGANZ2 processed
T|23.07.2009 15:04:48:328 |     |243   |(94)|Telegram ID 2B6 received
I|23.07.2009 15:04:48:328 |     |243   |(94)|Telegram iDFRALLGANZ2 processed
T|23.07.2009 15:04:50:890 |     |243   |(94)|Telegram ID 2B6 received
I|23.07.2009 15:04:50:890 |     |243   |(94)|Telegram iDFRALLGANZ2 processed
I|23.07.2009 15:04:52:359 |     |243   |(1bc)|USB media or USB recorder plugged in
T|23.07.2009 15:04:53:468 |     |243   |(94)|Telegram ID 2B6 received
I|23.07.2009 15:04:53:468 |     |243   |(94)|Telegram iDFRALLGANZ2 processed
T|23.07.2009 15:04:56:031 |     |243   |(94)|Telegram ID 2B6 received
I|23.07.2009 15:04:56:031 |     |243   |(94)|Telegram iDFRALLGANZ2 processed
I|23.07.2009 15:04:58:250 |     |243   |(1bc)|FDR_GetFdTemperature(1) returned 332
I|23.07.2009 15:04:58:265 |     |243   |(1bc)|FDR_GetFdTemperature(2) returned 300
T|23.07.2009 15:04:58:609 |     |243   |(94)|Telegram ID 2B6 received
I|23.07.2009 15:04:58:609 |     |243   |(94)|Telegram iDFRALLGANZ2 processed
T|23.07.2009 15:05:01:171 |     |243   |(94)|Telegram ID 2B6 received
I|23.07.2009 15:05:01:171 |     |243   |(94)|Telegram iDFRALLGANZ2 processed
T|23.07.2009 15:05:03:750 |     |243   |(94)|Telegram ID 2B6 received
I|23.07.2009 15:05:03:750 |     |243   |(94)|Telegram iDFRALLGANZ2 processed
T|23.07.2009 15:05:06:312 |     |243   |(94)|Telegram ID 2B6 received
I|23.07.2009 15:05:06:312 |     |243   |(94)|Telegram iDFRALLGANZ2 processed
T|23.07.2009 15:05:08:890 |     |243   |(94)|Telegram ID 2B6 received
I|23.07.2009 15:05:08:890 |     |243   |(94)|Telegram iDFRALLGANZ2 processed
T|23.07.2009 15:05:11:453 |     |243   |(94)|Telegram ID 2B6 received
I|23.07.2009 15:05:11:453 |     |243   |(94)|Telegram iDFRALLGANZ2 processed
T|23.07.2009 15:05:14:015 |     |243   |(94)|Telegram ID 2B6 received
I|23.07.2009 15:05:14:015 |     |243   |(94)|Telegram iDFRALLGANZ2 processed
T|23.07.2009 15:05:16:593 |     |243   |(94)|Telegram ID 2B6 received
I|23.07.2009 15:05:16:593 |     |243   |(94)|Telegram iDFRALLGANZ2 processed
T|23.07.2009 15:05:19:109 |     |243   |(94)|Telegram ID 2B6 received
I|23.07.2009 15:05:19:109 |     |243   |(94)|Telegram iDFRALLGANZ2 processed
T|23.07.2009 15:05:21:625 |     |243   |(94)|Telegram ID 2B6 received
I|23.07.2009 15:05:21:625 |     |243   |(94)|Telegram iDFRALLGANZ2 processed
T|23.07.2009 15:05:24:125 |     |243   |(94)|Telegram ID 2B6 received
I|23.07.2009 15:05:24:125 |     |243   |(94)|Telegram iDFRALLGANZ2 processed
T|23.07.2009 15:05:26:609 |     |243   |(94)|Telegram ID 2B6 received
I|23.07.2009 15:05:26:609 |     |243   |(94)|Telegram iDFRALLGANZ2 processed
I|23.07.2009 15:05:28:000 |     |243   |(1bc)|FDR_GetFdTemperature(1) returned 332
I|23.07.2009 15:05:28:000 |     |243   |(1bc)|FDR_GetFdTemperature(2) returned 300
T|23.07.2009 15:05:29:093 |     |243   |(94)|Telegram ID 2B6 received
I|23.07.2009 15:05:29:093 |     |243   |(94)|Telegram iDFRALLGANZ2 processed
T|23.07.2009 15:05:31:578 |     |243   |(94)|Telegram ID 2B6 received
I|23.07.2009 15:05:31:578 |     |243   |(94)|Telegram iDFRALLGANZ2 processed
T|23.07.2009 15:05:34:062 |     |243   |(94)|Telegram ID 2B6 received
I|23.07.2009 15:05:34:062 |     |243   |(94)|Telegram iDFRALLGANZ2 processed
T|23.07.2009 15:05:36:546 |     |243   |(94)|Telegram ID 2B6 received
I|23.07.2009 15:05:36:546 |     |243   |(94)|Telegram iDFRALLGANZ2 processed
T|23.07.2009 15:05:39:031 |     |243   |(94)|Telegram ID 2B6 received
I|23.07.2009 15:05:39:031 |     |243   |(94)|Telegram iDFRALLGANZ2 processed
T|23.07.2009 15:05:41:515 |     |243   |(94)|Telegram ID 2B6 received
I|23.07.2009 15:05:41:515 |     |243   |(94)|Telegram iDFRALLGANZ2 processed
T|23.07.2009 15:05:44:000 |     |243   |(94)|Telegram ID 2B6 received
I|23.07.2009 15:05:44:000 |     |243   |(94)|Telegram iDFRALLGANZ2 processed
T|23.07.2009 15:05:46:484 |     |243   |(94)|Telegram ID 2B6 received
I|23.07.2009 15:05:46:484 |     |243   |(94)|Telegram iDFRALLGANZ2 processed
T|23.07.2009 15:05:48:968 |     |243   |(94)|Telegram ID 2B6 received
I|23.07.2009 15:05:48:968 |     |243   |(94)|Telegram iDFRALLGANZ2 processed
